<?xml version="1.0" encoding="UTF-8"?>
<testsuite name="cn.thinkjoy.rpc.GkPolicyTest" tests="2" skipped="0" failures="1" errors="0" timestamp="2016-04-15T13:29:50" hostname="localhost" time="1.17">
  <properties/>
  <testcase name="testGetGkPolicyInfo" classname="cn.thinkjoy.rpc.GkPolicyTest" time="0.12">
    <failure message="java.lang.IllegalArgumentException: [Assertion failed] - this argument is required; it must not be null" type="java.lang.IllegalArgumentException">java.lang.IllegalArgumentException: [Assertion failed] - this argument is required; it must not be null
	at org.springframework.util.Assert.notNull(Assert.java:112)
	at org.springframework.util.Assert.notNull(Assert.java:123)
	at cn.thinkjoy.rpc.GkPolicyTest.testGetGkPolicyInfo(GkPolicyTest.java:45)
	at sun.reflect.NativeMethodAccessorImpl.invoke0(Native Method)
	at sun.reflect.NativeMethodAccessorImpl.invoke(NativeMethodAccessorImpl.java:57)
	at sun.reflect.DelegatingMethodAccessorImpl.invoke(DelegatingMethodAccessorImpl.java:43)
	at java.lang.reflect.Method.invoke(Method.java:601)
	at org.junit.runners.model.FrameworkMethod$1.runReflectiveCall(FrameworkMethod.java:47)
	at org.junit.internal.runners.model.ReflectiveCallable.run(ReflectiveCallable.java:12)
	at org.junit.runners.model.FrameworkMethod.invokeExplosively(FrameworkMethod.java:44)
	at org.junit.internal.runners.statements.InvokeMethod.evaluate(InvokeMethod.java:17)
	at org.springframework.test.context.junit4.statements.RunBeforeTestMethodCallbacks.evaluate(RunBeforeTestMethodCallbacks.java:72)
	at org.springframework.test.context.junit4.statements.RunAfterTestMethodCallbacks.evaluate(RunAfterTestMethodCallbacks.java:81)
	at org.springframework.test.context.junit4.statements.SpringRepeat.evaluate(SpringRepeat.java:72)
	at org.junit.runners.ParentRunner.runLeaf(ParentRunner.java:271)
	at org.springframework.test.context.junit4.SpringJUnit4ClassRunner.runChild(SpringJUnit4ClassRunner.java:216)
	at org.springframework.test.context.junit4.SpringJUnit4ClassRunner.runChild(SpringJUnit4ClassRunner.java:82)
	at org.junit.runners.ParentRunner$3.run(ParentRunner.java:238)
	at org.junit.runners.ParentRunner$1.schedule(ParentRunner.java:63)
	at org.junit.runners.ParentRunner.runChildren(ParentRunner.java:236)
	at org.junit.runners.ParentRunner.access$000(ParentRunner.java:53)
	at org.junit.runners.ParentRunner$2.evaluate(ParentRunner.java:229)
	at org.springframework.test.context.junit4.statements.RunBeforeTestClassCallbacks.evaluate(RunBeforeTestClassCallbacks.java:60)
	at org.springframework.test.context.junit4.statements.RunAfterTestClassCallbacks.evaluate(RunAfterTestClassCallbacks.java:67)
	at org.junit.runners.ParentRunner.run(ParentRunner.java:309)
	at org.springframework.test.context.junit4.SpringJUnit4ClassRunner.run(SpringJUnit4ClassRunner.java:162)
	at org.gradle.api.internal.tasks.testing.junit.JUnitTestClassExecuter.runTestClass(JUnitTestClassExecuter.java:86)
	at org.gradle.api.internal.tasks.testing.junit.JUnitTestClassExecuter.execute(JUnitTestClassExecuter.java:49)
	at org.gradle.api.internal.tasks.testing.junit.JUnitTestClassProcessor.processTestClass(JUnitTestClassProcessor.java:69)
	at org.gradle.api.internal.tasks.testing.SuiteTestClassProcessor.processTestClass(SuiteTestClassProcessor.java:48)
	at sun.reflect.NativeMethodAccessorImpl.invoke0(Native Method)
	at sun.reflect.NativeMethodAccessorImpl.invoke(NativeMethodAccessorImpl.java:57)
	at sun.reflect.DelegatingMethodAccessorImpl.invoke(DelegatingMethodAccessorImpl.java:43)
	at java.lang.reflect.Method.invoke(Method.java:601)
	at org.gradle.messaging.dispatch.ReflectionDispatch.dispatch(ReflectionDispatch.java:35)
	at org.gradle.messaging.dispatch.ReflectionDispatch.dispatch(ReflectionDispatch.java:24)
	at org.gradle.messaging.dispatch.ContextClassLoaderDispatch.dispatch(ContextClassLoaderDispatch.java:32)
	at org.gradle.messaging.dispatch.ProxyDispatchAdapter$DispatchingInvocationHandler.invoke(ProxyDispatchAdapter.java:93)
	at com.sun.proxy.$Proxy2.processTestClass(Unknown Source)
	at org.gradle.api.internal.tasks.testing.worker.TestWorker.processTestClass(TestWorker.java:105)
	at sun.reflect.NativeMethodAccessorImpl.invoke0(Native Method)
	at sun.reflect.NativeMethodAccessorImpl.invoke(NativeMethodAccessorImpl.java:57)
	at sun.reflect.DelegatingMethodAccessorImpl.invoke(DelegatingMethodAccessorImpl.java:43)
	at java.lang.reflect.Method.invoke(Method.java:601)
	at org.gradle.messaging.dispatch.ReflectionDispatch.dispatch(ReflectionDispatch.java:35)
	at org.gradle.messaging.dispatch.ReflectionDispatch.dispatch(ReflectionDispatch.java:24)
	at org.gradle.messaging.remote.internal.hub.MessageHub$Handler.run(MessageHub.java:355)
	at org.gradle.internal.concurrent.DefaultExecutorFactory$StoppableExecutorImpl$1.run(DefaultExecutorFactory.java:64)
	at java.util.concurrent.ThreadPoolExecutor.runWorker(ThreadPoolExecutor.java:1145)
	at java.util.concurrent.ThreadPoolExecutor$Worker.run(ThreadPoolExecutor.java:615)
	at java.lang.Thread.run(Thread.java:722)
</failure>
  </testcase>
  <testcase name="testGetGkPolicyList" classname="cn.thinkjoy.rpc.GkPolicyTest" time="1.045"/>
  <system-out><![CDATA[20160415-21:29:49.477+0800|default|Test worker|DEBUG|org.springframework.test.context.junit4.SpringJUnit4ClassRunner|SpringJUnit4ClassRunner constructor called with [class cn.thinkjoy.rpc.GkPolicyTest].
20160415-21:29:49.477+0800|default|Test worker|DEBUG|org.springframework.test.context.BootstrapUtils|Instantiating TestContextBootstrapper from class [org.springframework.test.context.support.DefaultTestContextBootstrapper]
20160415-21:29:49.478+0800|default|Test worker|DEBUG|org.springframework.test.context.support.AbstractDelegatingSmartContextLoader|Delegating to GenericXmlContextLoader to process context configuration [ContextConfigurationAttributes@55d9e2f7 declaringClass = 'cn.thinkjoy.rpc.GkPolicyTest', classes = '{}', locations = '{classpath:zgkwar-dubbo-consumer-test.xml}', inheritLocations = true, initializers = '{}', inheritInitializers = true, name = [null], contextLoaderClass = 'org.springframework.test.context.ContextLoader'].
20160415-21:29:49.478+0800|default|Test worker|DEBUG|org.springframework.test.context.support.ActiveProfilesUtils|Could not find an 'annotation declaring class' for annotation type [org.springframework.test.context.ActiveProfiles] and class [cn.thinkjoy.rpc.GkPolicyTest]
20160415-21:29:49.479+0800|default|Test worker|DEBUG|org.springframework.test.context.support.DefaultTestContextBootstrapper|@TestExecutionListeners is not present for class [cn.thinkjoy.rpc.GkPolicyTest]: using defaults.
20160415-21:29:49.481+0800|default|Test worker|INFO |org.springframework.test.context.support.DefaultTestContextBootstrapper|Loaded default TestExecutionListener class names from location [META-INF/spring.factories]: [org.springframework.test.context.web.ServletTestExecutionListener, org.springframework.test.context.support.DependencyInjectionTestExecutionListener, org.springframework.test.context.support.DirtiesContextTestExecutionListener, org.springframework.test.context.transaction.TransactionalTestExecutionListener, org.springframework.test.context.jdbc.SqlScriptsTestExecutionListener]
20160415-21:29:49.482+0800|default|Test worker|INFO |org.springframework.test.context.support.DefaultTestContextBootstrapper|Using TestExecutionListeners: [org.springframework.test.context.web.ServletTestExecutionListener@899735d, org.springframework.test.context.support.DependencyInjectionTestExecutionListener@1264e314, org.springframework.test.context.support.DirtiesContextTestExecutionListener@1d783f7b, org.springframework.test.context.transaction.TransactionalTestExecutionListener@418fb35a, org.springframework.test.context.jdbc.SqlScriptsTestExecutionListener@4147fb56]
20160415-21:29:49.484+0800|default|Test worker|DEBUG|org.springframework.test.annotation.ProfileValueUtils|Retrieved @ProfileValueSourceConfiguration [null] for test class [cn.thinkjoy.rpc.GkPolicyTest]
20160415-21:29:49.485+0800|default|Test worker|DEBUG|org.springframework.test.annotation.ProfileValueUtils|Retrieved ProfileValueSource type [class org.springframework.test.annotation.SystemProfileValueSource] for class [cn.thinkjoy.rpc.GkPolicyTest]
20160415-21:29:49.485+0800|default|Test worker|DEBUG|org.springframework.test.annotation.ProfileValueUtils|Retrieved @ProfileValueSourceConfiguration [null] for test class [cn.thinkjoy.rpc.GkPolicyTest]
20160415-21:29:49.486+0800|default|Test worker|DEBUG|org.springframework.test.annotation.ProfileValueUtils|Retrieved ProfileValueSource type [class org.springframework.test.annotation.SystemProfileValueSource] for class [cn.thinkjoy.rpc.GkPolicyTest]
20160415-21:29:49.486+0800|default|Test worker|DEBUG|org.springframework.test.annotation.ProfileValueUtils|Retrieved @ProfileValueSourceConfiguration [null] for test class [cn.thinkjoy.rpc.GkPolicyTest]
20160415-21:29:49.486+0800|default|Test worker|DEBUG|org.springframework.test.annotation.ProfileValueUtils|Retrieved ProfileValueSource type [class org.springframework.test.annotation.SystemProfileValueSource] for class [cn.thinkjoy.rpc.GkPolicyTest]
20160415-21:29:49.486+0800|default|Test worker|DEBUG|org.springframework.test.annotation.ProfileValueUtils|Retrieved @ProfileValueSourceConfiguration [null] for test class [cn.thinkjoy.rpc.GkPolicyTest]
20160415-21:29:49.487+0800|default|Test worker|DEBUG|org.springframework.test.annotation.ProfileValueUtils|Retrieved ProfileValueSource type [class org.springframework.test.annotation.SystemProfileValueSource] for class [cn.thinkjoy.rpc.GkPolicyTest]
20160415-21:29:49.487+0800|default|Test worker|DEBUG|org.springframework.test.context.support.DependencyInjectionTestExecutionListener|Performing dependency injection for test context [[DefaultTestContext@5cc5ec95 testClass = GkPolicyTest, testInstance = cn.thinkjoy.rpc.GkPolicyTest@462f59c8, testMethod = [null], testException = [null], mergedContextConfiguration = [MergedContextConfiguration@4eaf7d77 testClass = GkPolicyTest, locations = '{classpath:zgkwar-dubbo-consumer-test.xml}', classes = '{}', contextInitializerClasses = '[]', activeProfiles = '{}', propertySourceLocations = '{}', propertySourceProperties = '{}', contextLoader = 'org.springframework.test.context.support.DelegatingSmartContextLoader', parent = [null]]]].
20160415-21:29:49.487+0800|default|Test worker|DEBUG|org.springframework.test.context.DefaultCacheAwareContextLoaderDelegate|Retrieved ApplicationContext from cache with key [[MergedContextConfiguration@4eaf7d77 testClass = GkPolicyTest, locations = '{classpath:zgkwar-dubbo-consumer-test.xml}', classes = '{}', contextInitializerClasses = '[]', activeProfiles = '{}', propertySourceLocations = '{}', propertySourceProperties = '{}', contextLoader = 'org.springframework.test.context.support.DelegatingSmartContextLoader', parent = [null]]].
20160415-21:29:49.490+0800|default|Test worker|DEBUG|org.springframework.beans.factory.annotation.InjectionMetadata|Processing injected method of bean 'cn.thinkjoy.rpc.GkPolicyTest': AutowiredFieldElement for private cn.thinkjoy.zgk.remote.IGkPolicyService cn.thinkjoy.rpc.GkPolicyTest.gkPolicyService
20160415-21:29:49.490+0800|default|Test worker|DEBUG|org.springframework.beans.factory.support.DefaultListableBeanFactory|Returning cached instance of singleton bean 'gkPolicyService'
20160415-21:29:49.507+0800|default|Test worker|INFO |com.alibaba.dubbo.registry.zookeeper.ZookeeperRegistry| [DUBBO] Register: consumer://172.16.150.16/cn.thinkjoy.zgk.remote.IGkPolicyService?application=ucenterwebwar-test&category=consumers&check=false&dubbo=2.5.3&interface=cn.thinkjoy.zgk.remote.IGkPolicyService&methods=getGkPolicyList,getGkPolicyInfo&pid=2377&revision=0.0.28-SNAPSHOT&side=consumer&timeout=60000&timestamp=1460726989492, dubbo version: 2.5.3, current host: 172.16.150.16
20160415-21:29:49.538+0800|default|Test worker-SendThread(mc.zk.thinkjoy.cn:2181)|DEBUG|org.apache.zookeeper.ClientCnxn|Reading reply sessionid:0x151adcbb3452b14, packet:: clientPath:null serverPath:null finished:false header:: 77,1  replyHeader:: 77,532382,-110  request:: '/dubbo,,v{s{31,s{'world,'anyone}}},0  response::  
20160415-21:29:49.604+0800|default|Test worker-SendThread(mc.zk.thinkjoy.cn:2181)|DEBUG|org.apache.zookeeper.ClientCnxn|Reading reply sessionid:0x151adcbb3452b14, packet:: clientPath:null serverPath:null finished:false header:: 78,1  replyHeader:: 78,532383,-110  request:: '/dubbo/cn.thinkjoy.zgk.remote.IGkPolicyService,,v{s{31,s{'world,'anyone}}},0  response::  
20160415-21:29:49.657+0800|default|Test worker-SendThread(mc.zk.thinkjoy.cn:2181)|DEBUG|org.apache.zookeeper.ClientCnxn|Reading reply sessionid:0x151adcbb3452b14, packet:: clientPath:null serverPath:null finished:false header:: 79,1  replyHeader:: 79,532384,-110  request:: '/dubbo/cn.thinkjoy.zgk.remote.IGkPolicyService/consumers,,v{s{31,s{'world,'anyone}}},0  response::  
20160415-21:29:49.746+0800|default|Test worker-SendThread(mc.zk.thinkjoy.cn:2181)|DEBUG|org.apache.zookeeper.ClientCnxn|Reading reply sessionid:0x151adcbb3452b14, packet:: clientPath:null serverPath:null finished:false header:: 80,1  replyHeader:: 80,532385,0  request:: '/dubbo/cn.thinkjoy.zgk.remote.IGkPolicyService/consumers/consumer%253A%252F%252F172.16.150.16%252Fcn.thinkjoy.zgk.remote.IGkPolicyService%253Fapplication%253Ducenterwebwar-test%2526category%253Dconsumers%2526check%253Dfalse%2526dubbo%253D2.5.3%2526interface%253Dcn.thinkjoy.zgk.remote.IGkPolicyService%2526methods%253DgetGkPolicyList%252CgetGkPolicyInfo%2526pid%253D2377%2526revision%253D0.0.28-SNAPSHOT%2526side%253Dconsumer%2526timeout%253D60000%2526timestamp%253D1460726989492,,v{s{31,s{'world,'anyone}}},1  response:: '/dubbo/cn.thinkjoy.zgk.remote.IGkPolicyService/consumers/consumer%253A%252F%252F172.16.150.16%252Fcn.thinkjoy.zgk.remote.IGkPolicyService%253Fapplication%253Ducenterwebwar-test%2526category%253Dconsumers%2526check%253Dfalse%2526dubbo%253D2.5.3%2526interface%253Dcn.thinkjoy.zgk.remote.IGkPolicyService%2526methods%253DgetGkPolicyList%252CgetGkPolicyInfo%2526pid%253D2377%2526revision%253D0.0.28-SNAPSHOT%2526side%253Dconsumer%2526timeout%253D60000%2526timestamp%253D1460726989492 
20160415-21:29:49.748+0800|default|Test worker|INFO |com.alibaba.dubbo.registry.zookeeper.ZookeeperRegistry| [DUBBO] Subscribe: consumer://172.16.150.16/cn.thinkjoy.zgk.remote.IGkPolicyService?application=ucenterwebwar-test&category=providers,configurators,routers&check=false&dubbo=2.5.3&interface=cn.thinkjoy.zgk.remote.IGkPolicyService&methods=getGkPolicyList,getGkPolicyInfo&pid=2377&revision=0.0.28-SNAPSHOT&side=consumer&timeout=60000&timestamp=1460726989492, dubbo version: 2.5.3, current host: 172.16.150.16
20160415-21:29:49.812+0800|default|Test worker-SendThread(mc.zk.thinkjoy.cn:2181)|DEBUG|org.apache.zookeeper.ClientCnxn|Reading reply sessionid:0x151adcbb3452b14, packet:: clientPath:null serverPath:null finished:false header:: 81,1  replyHeader:: 81,532386,-110  request:: '/dubbo,,v{s{31,s{'world,'anyone}}},0  response::  
20160415-21:29:49.841+0800|default|Test worker-SendThread(mc.zk.thinkjoy.cn:2181)|DEBUG|org.apache.zookeeper.ClientCnxn|Reading reply sessionid:0x151adcbb3452b14, packet:: clientPath:null serverPath:null finished:false header:: 82,1  replyHeader:: 82,532387,-110  request:: '/dubbo/cn.thinkjoy.zgk.remote.IGkPolicyService,,v{s{31,s{'world,'anyone}}},0  response::  
20160415-21:29:49.871+0800|default|Test worker-SendThread(mc.zk.thinkjoy.cn:2181)|DEBUG|org.apache.zookeeper.ClientCnxn|Reading reply sessionid:0x151adcbb3452b14, packet:: clientPath:null serverPath:null finished:false header:: 83,1  replyHeader:: 83,532388,-110  request:: '/dubbo/cn.thinkjoy.zgk.remote.IGkPolicyService/providers,,v{s{31,s{'world,'anyone}}},0  response::  
20160415-21:29:49.932+0800|default|Test worker-SendThread(mc.zk.thinkjoy.cn:2181)|DEBUG|org.apache.zookeeper.ClientCnxn|Reading reply sessionid:0x151adcbb3452b14, packet:: clientPath:null serverPath:null finished:false header:: 84,3  replyHeader:: 84,532388,0  request:: '/dubbo/cn.thinkjoy.zgk.remote.IGkPolicyService/providers,T  response:: s{120336,120336,1452651420890,1452651420890,0,1252,0,0,0,2,524522} 
20160415-21:29:49.987+0800|default|Test worker-SendThread(mc.zk.thinkjoy.cn:2181)|DEBUG|org.apache.zookeeper.ClientCnxn|Reading reply sessionid:0x151adcbb3452b14, packet:: clientPath:null serverPath:null finished:false header:: 85,8  replyHeader:: 85,532388,0  request:: '/dubbo/cn.thinkjoy.zgk.remote.IGkPolicyService/providers,T  response:: v{'dubbo%253A%252F%252F10.136.13.245%253A20881%252Fcn.thinkjoy.zgk.remote.IGkPolicyService%253Fanyhost%253Dtrue%2526application%253Dzgk%2526dubbo%253D2.5.3%2526interface%253Dcn.thinkjoy.zgk.remote.IGkPolicyService%2526methods%253DgetGkPolicyList%252CgetGkPolicyInfo%2526pid%253D10348%2526revision%253D0.0.28-SNAPSHOT%2526side%253Dprovider%2526timestamp%253D1460533481858,'dubbo%253A%252F%252F10.136.55.29%253A20880%252Fcn.thinkjoy.zgk.remote.IGkPolicyService%253Fanyhost%253Dtrue%2526application%253Dzgk%2526dubbo%253D2.5.3%2526interface%253Dcn.thinkjoy.zgk.remote.IGkPolicyService%2526methods%253DgetGkPolicyList%252CgetGkPolicyInfo%2526pid%253D6202%2526revision%253D0.0.28-SNAPSHOT%2526side%253Dprovider%2526timestamp%253D1458532198351} 
20160415-21:29:50.018+0800|default|Test worker-SendThread(mc.zk.thinkjoy.cn:2181)|DEBUG|org.apache.zookeeper.ClientCnxn|Reading reply sessionid:0x151adcbb3452b14, packet:: clientPath:null serverPath:null finished:false header:: 86,1  replyHeader:: 86,532389,-110  request:: '/dubbo,,v{s{31,s{'world,'anyone}}},0  response::  
20160415-21:29:50.046+0800|default|Test worker-SendThread(mc.zk.thinkjoy.cn:2181)|DEBUG|org.apache.zookeeper.ClientCnxn|Reading reply sessionid:0x151adcbb3452b14, packet:: clientPath:null serverPath:null finished:false header:: 87,1  replyHeader:: 87,532390,-110  request:: '/dubbo/cn.thinkjoy.zgk.remote.IGkPolicyService,,v{s{31,s{'world,'anyone}}},0  response::  
20160415-21:29:50.091+0800|default|Test worker-SendThread(mc.zk.thinkjoy.cn:2181)|DEBUG|org.apache.zookeeper.ClientCnxn|Reading reply sessionid:0x151adcbb3452b14, packet:: clientPath:null serverPath:null finished:false header:: 88,1  replyHeader:: 88,532391,-110  request:: '/dubbo/cn.thinkjoy.zgk.remote.IGkPolicyService/configurators,,v{s{31,s{'world,'anyone}}},0  response::  
20160415-21:29:50.136+0800|default|Test worker-SendThread(mc.zk.thinkjoy.cn:2181)|DEBUG|org.apache.zookeeper.ClientCnxn|Reading reply sessionid:0x151adcbb3452b14, packet:: clientPath:null serverPath:null finished:false header:: 89,3  replyHeader:: 89,532391,0  request:: '/dubbo/cn.thinkjoy.zgk.remote.IGkPolicyService/configurators,T  response:: s{120340,120340,1452651421977,1452651421977,0,0,0,0,0,0,120340} 
20160415-21:29:50.202+0800|default|Test worker-SendThread(mc.zk.thinkjoy.cn:2181)|DEBUG|org.apache.zookeeper.ClientCnxn|Reading reply sessionid:0x151adcbb3452b14, packet:: clientPath:null serverPath:null finished:false header:: 90,8  replyHeader:: 90,532391,0  request:: '/dubbo/cn.thinkjoy.zgk.remote.IGkPolicyService/configurators,T  response:: v{} 
20160415-21:29:50.272+0800|default|Test worker-SendThread(mc.zk.thinkjoy.cn:2181)|DEBUG|org.apache.zookeeper.ClientCnxn|Reading reply sessionid:0x151adcbb3452b14, packet:: clientPath:null serverPath:null finished:false header:: 91,1  replyHeader:: 91,532392,-110  request:: '/dubbo,,v{s{31,s{'world,'anyone}}},0  response::  
20160415-21:29:50.347+0800|default|Test worker-SendThread(mc.zk.thinkjoy.cn:2181)|DEBUG|org.apache.zookeeper.ClientCnxn|Reading reply sessionid:0x151adcbb3452b14, packet:: clientPath:null serverPath:null finished:false header:: 92,1  replyHeader:: 92,532393,-110  request:: '/dubbo/cn.thinkjoy.zgk.remote.IGkPolicyService,,v{s{31,s{'world,'anyone}}},0  response::  
20160415-21:29:50.378+0800|default|Test worker-SendThread(mc.zk.thinkjoy.cn:2181)|DEBUG|org.apache.zookeeper.ClientCnxn|Reading reply sessionid:0x151adcbb3452b14, packet:: clientPath:null serverPath:null finished:false header:: 93,1  replyHeader:: 93,532394,-110  request:: '/dubbo/cn.thinkjoy.zgk.remote.IGkPolicyService/routers,,v{s{31,s{'world,'anyone}}},0  response::  
20160415-21:29:50.484+0800|default|Test worker-SendThread(mc.zk.thinkjoy.cn:2181)|DEBUG|org.apache.zookeeper.ClientCnxn|Reading reply sessionid:0x151adcbb3452b14, packet:: clientPath:null serverPath:null finished:false header:: 94,3  replyHeader:: 94,532394,0  request:: '/dubbo/cn.thinkjoy.zgk.remote.IGkPolicyService/routers,T  response:: s{120364,120364,1452651531066,1452651531066,0,0,0,0,0,0,120364} 
20160415-21:29:50.552+0800|default|Test worker-SendThread(mc.zk.thinkjoy.cn:2181)|DEBUG|org.apache.zookeeper.ClientCnxn|Reading reply sessionid:0x151adcbb3452b14, packet:: clientPath:null serverPath:null finished:false header:: 95,8  replyHeader:: 95,532394,0  request:: '/dubbo/cn.thinkjoy.zgk.remote.IGkPolicyService/routers,T  response:: v{} 
20160415-21:29:50.553+0800|default|Test worker|INFO |com.alibaba.dubbo.registry.zookeeper.ZookeeperRegistry| [DUBBO] Notify urls for subscribe url consumer://172.16.150.16/cn.thinkjoy.zgk.remote.IGkPolicyService?application=ucenterwebwar-test&category=providers,configurators,routers&check=false&dubbo=2.5.3&interface=cn.thinkjoy.zgk.remote.IGkPolicyService&methods=getGkPolicyList,getGkPolicyInfo&pid=2377&revision=0.0.28-SNAPSHOT&side=consumer&timeout=60000&timestamp=1460726989492, urls: [dubbo://10.136.13.245:20881/cn.thinkjoy.zgk.remote.IGkPolicyService?anyhost=true&application=zgk&dubbo=2.5.3&interface=cn.thinkjoy.zgk.remote.IGkPolicyService&methods=getGkPolicyList,getGkPolicyInfo&pid=10348&revision=0.0.28-SNAPSHOT&side=provider&timestamp=1460533481858, dubbo://10.136.55.29:20880/cn.thinkjoy.zgk.remote.IGkPolicyService?anyhost=true&application=zgk&dubbo=2.5.3&interface=cn.thinkjoy.zgk.remote.IGkPolicyService&methods=getGkPolicyList,getGkPolicyInfo&pid=6202&revision=0.0.28-SNAPSHOT&side=provider&timestamp=1458532198351, empty://172.16.150.16/cn.thinkjoy.zgk.remote.IGkPolicyService?application=ucenterwebwar-test&category=configurators&check=false&dubbo=2.5.3&interface=cn.thinkjoy.zgk.remote.IGkPolicyService&methods=getGkPolicyList,getGkPolicyInfo&pid=2377&revision=0.0.28-SNAPSHOT&side=consumer&timeout=60000&timestamp=1460726989492, empty://172.16.150.16/cn.thinkjoy.zgk.remote.IGkPolicyService?application=ucenterwebwar-test&category=routers&check=false&dubbo=2.5.3&interface=cn.thinkjoy.zgk.remote.IGkPolicyService&methods=getGkPolicyList,getGkPolicyInfo&pid=2377&revision=0.0.28-SNAPSHOT&side=consumer&timeout=60000&timestamp=1460726989492], dubbo version: 2.5.3, current host: 172.16.150.16
20160415-21:29:50.556+0800|default|Test worker|INFO |com.alibaba.dubbo.config.AbstractConfig| [DUBBO] Refer dubbo service cn.thinkjoy.zgk.remote.IGkPolicyService from url zookeeper://mc.zk.thinkjoy.cn:2181/com.alibaba.dubbo.registry.RegistryService?anyhost=true&application=ucenterwebwar-test&check=false&dubbo=2.5.3&interface=cn.thinkjoy.zgk.remote.IGkPolicyService&methods=getGkPolicyList,getGkPolicyInfo&pid=2377&revision=0.0.28-SNAPSHOT&side=consumer&timeout=60000&timestamp=1460726989492, dubbo version: 2.5.3, current host: 172.16.150.16
20160415-21:29:50.559+0800|default|Test worker|DEBUG|org.springframework.beans.factory.annotation.AutowiredAnnotationBeanPostProcessor|Autowiring by type from bean name 'cn.thinkjoy.rpc.GkPolicyTest' to bean named 'gkPolicyService'
20160415-21:29:50.679+0800|default|DubboClientHandler-10.136.55.29:20880-thread-2|DEBUG|com.alibaba.dubbo.remoting.transport.DecodeHandler| [DUBBO] Decode decodeable message com.alibaba.dubbo.rpc.protocol.dubbo.DecodeableRpcResult, dubbo version: 2.5.3, current host: 172.16.150.16
20160415-21:29:50.680+0800|default|Test worker|DEBUG|org.springframework.test.context.support.DirtiesContextTestExecutionListener|After test method: context [DefaultTestContext@5cc5ec95 testClass = GkPolicyTest, testInstance = cn.thinkjoy.rpc.GkPolicyTest@462f59c8, testMethod = testGetGkPolicyInfo@GkPolicyTest, testException = java.lang.IllegalArgumentException: [Assertion failed] - this argument is required; it must not be null, mergedContextConfiguration = [MergedContextConfiguration@4eaf7d77 testClass = GkPolicyTest, locations = '{classpath:zgkwar-dubbo-consumer-test.xml}', classes = '{}', contextInitializerClasses = '[]', activeProfiles = '{}', propertySourceLocations = '{}', propertySourceProperties = '{}', contextLoader = 'org.springframework.test.context.support.DelegatingSmartContextLoader', parent = [null]]], class dirties context [false], class mode [null], method dirties context [false].
20160415-21:29:50.682+0800|default|Test worker|DEBUG|org.springframework.test.annotation.ProfileValueUtils|Retrieved @ProfileValueSourceConfiguration [null] for test class [cn.thinkjoy.rpc.GkPolicyTest]
20160415-21:29:50.683+0800|default|Test worker|DEBUG|org.springframework.test.annotation.ProfileValueUtils|Retrieved ProfileValueSource type [class org.springframework.test.annotation.SystemProfileValueSource] for class [cn.thinkjoy.rpc.GkPolicyTest]
20160415-21:29:50.684+0800|default|Test worker|DEBUG|org.springframework.test.context.support.DependencyInjectionTestExecutionListener|Performing dependency injection for test context [[DefaultTestContext@5cc5ec95 testClass = GkPolicyTest, testInstance = cn.thinkjoy.rpc.GkPolicyTest@3ced8fe2, testMethod = [null], testException = [null], mergedContextConfiguration = [MergedContextConfiguration@4eaf7d77 testClass = GkPolicyTest, locations = '{classpath:zgkwar-dubbo-consumer-test.xml}', classes = '{}', contextInitializerClasses = '[]', activeProfiles = '{}', propertySourceLocations = '{}', propertySourceProperties = '{}', contextLoader = 'org.springframework.test.context.support.DelegatingSmartContextLoader', parent = [null]]]].
20160415-21:29:50.685+0800|default|Test worker|DEBUG|org.springframework.test.context.DefaultCacheAwareContextLoaderDelegate|Retrieved ApplicationContext from cache with key [[MergedContextConfiguration@4eaf7d77 testClass = GkPolicyTest, locations = '{classpath:zgkwar-dubbo-consumer-test.xml}', classes = '{}', contextInitializerClasses = '[]', activeProfiles = '{}', propertySourceLocations = '{}', propertySourceProperties = '{}', contextLoader = 'org.springframework.test.context.support.DelegatingSmartContextLoader', parent = [null]]].
20160415-21:29:50.685+0800|default|Test worker|DEBUG|org.springframework.beans.factory.annotation.InjectionMetadata|Processing injected method of bean 'cn.thinkjoy.rpc.GkPolicyTest': AutowiredFieldElement for private cn.thinkjoy.zgk.remote.IGkPolicyService cn.thinkjoy.rpc.GkPolicyTest.gkPolicyService
20160415-21:29:50.685+0800|default|Test worker|DEBUG|org.springframework.beans.factory.support.DefaultListableBeanFactory|Returning cached instance of singleton bean 'gkPolicyService'
20160415-21:29:51.662+0800|default|DubboClientHandler-10.136.55.29:20880-thread-2|DEBUG|com.alibaba.dubbo.remoting.transport.DecodeHandler| [DUBBO] Decode decodeable message com.alibaba.dubbo.rpc.protocol.dubbo.DecodeableRpcResult, dubbo version: 2.5.3, current host: 172.16.150.16
20160415-21:29:51.729+0800|default|DubboClientHandler-10.136.55.29:20880-thread-2|DEBUG|com.alibaba.dubbo.remoting.transport.DecodeHandler| [DUBBO] Decode decodeable message com.alibaba.dubbo.rpc.protocol.dubbo.DecodeableRpcResult, dubbo version: 2.5.3, current host: 172.16.150.16
20160415-21:29:51.730+0800|default|Test worker|DEBUG|org.springframework.test.context.support.DirtiesContextTestExecutionListener|After test method: context [DefaultTestContext@5cc5ec95 testClass = GkPolicyTest, testInstance = cn.thinkjoy.rpc.GkPolicyTest@3ced8fe2, testMethod = testGetGkPolicyList@GkPolicyTest, testException = [null], mergedContextConfiguration = [MergedContextConfiguration@4eaf7d77 testClass = GkPolicyTest, locations = '{classpath:zgkwar-dubbo-consumer-test.xml}', classes = '{}', contextInitializerClasses = '[]', activeProfiles = '{}', propertySourceLocations = '{}', propertySourceProperties = '{}', contextLoader = 'org.springframework.test.context.support.DelegatingSmartContextLoader', parent = [null]]], class dirties context [false], class mode [null], method dirties context [false].
20160415-21:29:51.730+0800|default|Test worker|DEBUG|org.springframework.test.context.support.DirtiesContextTestExecutionListener|After test class: context [DefaultTestContext@5cc5ec95 testClass = GkPolicyTest, testInstance = [null], testMethod = [null], testException = [null], mergedContextConfiguration = [MergedContextConfiguration@4eaf7d77 testClass = GkPolicyTest, locations = '{classpath:zgkwar-dubbo-consumer-test.xml}', classes = '{}', contextInitializerClasses = '[]', activeProfiles = '{}', propertySourceLocations = '{}', propertySourceProperties = '{}', contextLoader = 'org.springframework.test.context.support.DelegatingSmartContextLoader', parent = [null]]], dirtiesContext [false].
]]></system-out>
  <system-err><![CDATA[]]></system-err>
</testsuite>
