<?xml version="1.0" encoding="UTF-8"?>
<testsuite name="cn.thinkjoy.rpc.GkHotTest" tests="2" skipped="0" failures="1" errors="0" timestamp="2016-04-15T13:29:49" hostname="localhost" time="0.148">
  <properties/>
  <testcase name="testGetGkHotInfo" classname="cn.thinkjoy.rpc.GkHotTest" time="0.032">
    <failure message="java.lang.IllegalArgumentException: [Assertion failed] - this argument is required; it must not be null" type="java.lang.IllegalArgumentException">java.lang.IllegalArgumentException: [Assertion failed] - this argument is required; it must not be null
	at org.springframework.util.Assert.notNull(Assert.java:112)
	at org.springframework.util.Assert.notNull(Assert.java:123)
	at cn.thinkjoy.rpc.GkHotTest.testGetGkHotInfo(GkHotTest.java:44)
	at sun.reflect.NativeMethodAccessorImpl.invoke0(Native Method)
	at sun.reflect.NativeMethodAccessorImpl.invoke(NativeMethodAccessorImpl.java:57)
	at sun.reflect.DelegatingMethodAccessorImpl.invoke(DelegatingMethodAccessorImpl.java:43)
	at java.lang.reflect.Method.invoke(Method.java:601)
	at org.junit.runners.model.FrameworkMethod$1.runReflectiveCall(FrameworkMethod.java:47)
	at org.junit.internal.runners.model.ReflectiveCallable.run(ReflectiveCallable.java:12)
	at org.junit.runners.model.FrameworkMethod.invokeExplosively(FrameworkMethod.java:44)
	at org.junit.internal.runners.statements.InvokeMethod.evaluate(InvokeMethod.java:17)
	at org.springframework.test.context.junit4.statements.RunBeforeTestMethodCallbacks.evaluate(RunBeforeTestMethodCallbacks.java:72)
	at org.springframework.test.context.junit4.statements.RunAfterTestMethodCallbacks.evaluate(RunAfterTestMethodCallbacks.java:81)
	at org.springframework.test.context.junit4.statements.SpringRepeat.evaluate(SpringRepeat.java:72)
	at org.junit.runners.ParentRunner.runLeaf(ParentRunner.java:271)
	at org.springframework.test.context.junit4.SpringJUnit4ClassRunner.runChild(SpringJUnit4ClassRunner.java:216)
	at org.springframework.test.context.junit4.SpringJUnit4ClassRunner.runChild(SpringJUnit4ClassRunner.java:82)
	at org.junit.runners.ParentRunner$3.run(ParentRunner.java:238)
	at org.junit.runners.ParentRunner$1.schedule(ParentRunner.java:63)
	at org.junit.runners.ParentRunner.runChildren(ParentRunner.java:236)
	at org.junit.runners.ParentRunner.access$000(ParentRunner.java:53)
	at org.junit.runners.ParentRunner$2.evaluate(ParentRunner.java:229)
	at org.springframework.test.context.junit4.statements.RunBeforeTestClassCallbacks.evaluate(RunBeforeTestClassCallbacks.java:60)
	at org.springframework.test.context.junit4.statements.RunAfterTestClassCallbacks.evaluate(RunAfterTestClassCallbacks.java:67)
	at org.junit.runners.ParentRunner.run(ParentRunner.java:309)
	at org.springframework.test.context.junit4.SpringJUnit4ClassRunner.run(SpringJUnit4ClassRunner.java:162)
	at org.gradle.api.internal.tasks.testing.junit.JUnitTestClassExecuter.runTestClass(JUnitTestClassExecuter.java:86)
	at org.gradle.api.internal.tasks.testing.junit.JUnitTestClassExecuter.execute(JUnitTestClassExecuter.java:49)
	at org.gradle.api.internal.tasks.testing.junit.JUnitTestClassProcessor.processTestClass(JUnitTestClassProcessor.java:69)
	at org.gradle.api.internal.tasks.testing.SuiteTestClassProcessor.processTestClass(SuiteTestClassProcessor.java:48)
	at sun.reflect.NativeMethodAccessorImpl.invoke0(Native Method)
	at sun.reflect.NativeMethodAccessorImpl.invoke(NativeMethodAccessorImpl.java:57)
	at sun.reflect.DelegatingMethodAccessorImpl.invoke(DelegatingMethodAccessorImpl.java:43)
	at java.lang.reflect.Method.invoke(Method.java:601)
	at org.gradle.messaging.dispatch.ReflectionDispatch.dispatch(ReflectionDispatch.java:35)
	at org.gradle.messaging.dispatch.ReflectionDispatch.dispatch(ReflectionDispatch.java:24)
	at org.gradle.messaging.dispatch.ContextClassLoaderDispatch.dispatch(ContextClassLoaderDispatch.java:32)
	at org.gradle.messaging.dispatch.ProxyDispatchAdapter$DispatchingInvocationHandler.invoke(ProxyDispatchAdapter.java:93)
	at com.sun.proxy.$Proxy2.processTestClass(Unknown Source)
	at org.gradle.api.internal.tasks.testing.worker.TestWorker.processTestClass(TestWorker.java:105)
	at sun.reflect.NativeMethodAccessorImpl.invoke0(Native Method)
	at sun.reflect.NativeMethodAccessorImpl.invoke(NativeMethodAccessorImpl.java:57)
	at sun.reflect.DelegatingMethodAccessorImpl.invoke(DelegatingMethodAccessorImpl.java:43)
	at java.lang.reflect.Method.invoke(Method.java:601)
	at org.gradle.messaging.dispatch.ReflectionDispatch.dispatch(ReflectionDispatch.java:35)
	at org.gradle.messaging.dispatch.ReflectionDispatch.dispatch(ReflectionDispatch.java:24)
	at org.gradle.messaging.remote.internal.hub.MessageHub$Handler.run(MessageHub.java:355)
	at org.gradle.internal.concurrent.DefaultExecutorFactory$StoppableExecutorImpl$1.run(DefaultExecutorFactory.java:64)
	at java.util.concurrent.ThreadPoolExecutor.runWorker(ThreadPoolExecutor.java:1145)
	at java.util.concurrent.ThreadPoolExecutor$Worker.run(ThreadPoolExecutor.java:615)
	at java.lang.Thread.run(Thread.java:722)
</failure>
  </testcase>
  <testcase name="testGetGkHotList" classname="cn.thinkjoy.rpc.GkHotTest" time="0.114"/>
  <system-out><![CDATA[20160415-21:29:47.898+0800|default|Test worker|DEBUG|org.springframework.test.context.junit4.SpringJUnit4ClassRunner|SpringJUnit4ClassRunner constructor called with [class cn.thinkjoy.rpc.GkHotTest].
20160415-21:29:47.899+0800|default|Test worker|DEBUG|org.springframework.test.context.BootstrapUtils|Instantiating TestContextBootstrapper from class [org.springframework.test.context.support.DefaultTestContextBootstrapper]
20160415-21:29:47.902+0800|default|Test worker|DEBUG|org.springframework.test.context.support.AbstractDelegatingSmartContextLoader|Delegating to GenericXmlContextLoader to process context configuration [ContextConfigurationAttributes@274b9691 declaringClass = 'cn.thinkjoy.rpc.GkHotTest', classes = '{}', locations = '{classpath:zgkwar-dubbo-consumer-test.xml}', inheritLocations = true, initializers = '{}', inheritInitializers = true, name = [null], contextLoaderClass = 'org.springframework.test.context.ContextLoader'].
20160415-21:29:47.903+0800|default|Test worker|DEBUG|org.springframework.test.context.support.ActiveProfilesUtils|Could not find an 'annotation declaring class' for annotation type [org.springframework.test.context.ActiveProfiles] and class [cn.thinkjoy.rpc.GkHotTest]
20160415-21:29:47.903+0800|default|Test worker|DEBUG|org.springframework.test.context.support.DefaultTestContextBootstrapper|@TestExecutionListeners is not present for class [cn.thinkjoy.rpc.GkHotTest]: using defaults.
20160415-21:29:47.905+0800|default|Test worker|INFO |org.springframework.test.context.support.DefaultTestContextBootstrapper|Loaded default TestExecutionListener class names from location [META-INF/spring.factories]: [org.springframework.test.context.web.ServletTestExecutionListener, org.springframework.test.context.support.DependencyInjectionTestExecutionListener, org.springframework.test.context.support.DirtiesContextTestExecutionListener, org.springframework.test.context.transaction.TransactionalTestExecutionListener, org.springframework.test.context.jdbc.SqlScriptsTestExecutionListener]
20160415-21:29:47.905+0800|default|Test worker|INFO |org.springframework.test.context.support.DefaultTestContextBootstrapper|Using TestExecutionListeners: [org.springframework.test.context.web.ServletTestExecutionListener@6df9b834, org.springframework.test.context.support.DependencyInjectionTestExecutionListener@25ac9654, org.springframework.test.context.support.DirtiesContextTestExecutionListener@65c1781e, org.springframework.test.context.transaction.TransactionalTestExecutionListener@b52dc3, org.springframework.test.context.jdbc.SqlScriptsTestExecutionListener@76cf5d91]
20160415-21:29:47.906+0800|default|Test worker|DEBUG|org.springframework.test.annotation.ProfileValueUtils|Retrieved @ProfileValueSourceConfiguration [null] for test class [cn.thinkjoy.rpc.GkHotTest]
20160415-21:29:47.906+0800|default|Test worker|DEBUG|org.springframework.test.annotation.ProfileValueUtils|Retrieved ProfileValueSource type [class org.springframework.test.annotation.SystemProfileValueSource] for class [cn.thinkjoy.rpc.GkHotTest]
20160415-21:29:47.906+0800|default|Test worker|DEBUG|org.springframework.test.annotation.ProfileValueUtils|Retrieved @ProfileValueSourceConfiguration [null] for test class [cn.thinkjoy.rpc.GkHotTest]
20160415-21:29:47.907+0800|default|Test worker|DEBUG|org.springframework.test.annotation.ProfileValueUtils|Retrieved ProfileValueSource type [class org.springframework.test.annotation.SystemProfileValueSource] for class [cn.thinkjoy.rpc.GkHotTest]
20160415-21:29:47.907+0800|default|Test worker|DEBUG|org.springframework.test.annotation.ProfileValueUtils|Retrieved @ProfileValueSourceConfiguration [null] for test class [cn.thinkjoy.rpc.GkHotTest]
20160415-21:29:47.907+0800|default|Test worker|DEBUG|org.springframework.test.annotation.ProfileValueUtils|Retrieved ProfileValueSource type [class org.springframework.test.annotation.SystemProfileValueSource] for class [cn.thinkjoy.rpc.GkHotTest]
20160415-21:29:47.908+0800|default|Test worker|DEBUG|org.springframework.test.annotation.ProfileValueUtils|Retrieved @ProfileValueSourceConfiguration [null] for test class [cn.thinkjoy.rpc.GkHotTest]
20160415-21:29:47.908+0800|default|Test worker|DEBUG|org.springframework.test.annotation.ProfileValueUtils|Retrieved ProfileValueSource type [class org.springframework.test.annotation.SystemProfileValueSource] for class [cn.thinkjoy.rpc.GkHotTest]
20160415-21:29:47.908+0800|default|Test worker|DEBUG|org.springframework.test.context.support.DependencyInjectionTestExecutionListener|Performing dependency injection for test context [[DefaultTestContext@28081787 testClass = GkHotTest, testInstance = cn.thinkjoy.rpc.GkHotTest@2b40b499, testMethod = [null], testException = [null], mergedContextConfiguration = [MergedContextConfiguration@2510befe testClass = GkHotTest, locations = '{classpath:zgkwar-dubbo-consumer-test.xml}', classes = '{}', contextInitializerClasses = '[]', activeProfiles = '{}', propertySourceLocations = '{}', propertySourceProperties = '{}', contextLoader = 'org.springframework.test.context.support.DelegatingSmartContextLoader', parent = [null]]]].
20160415-21:29:47.909+0800|default|Test worker|DEBUG|org.springframework.test.context.DefaultCacheAwareContextLoaderDelegate|Retrieved ApplicationContext from cache with key [[MergedContextConfiguration@2510befe testClass = GkHotTest, locations = '{classpath:zgkwar-dubbo-consumer-test.xml}', classes = '{}', contextInitializerClasses = '[]', activeProfiles = '{}', propertySourceLocations = '{}', propertySourceProperties = '{}', contextLoader = 'org.springframework.test.context.support.DelegatingSmartContextLoader', parent = [null]]].
20160415-21:29:47.912+0800|default|Test worker|DEBUG|org.springframework.beans.factory.annotation.InjectionMetadata|Processing injected method of bean 'cn.thinkjoy.rpc.GkHotTest': AutowiredFieldElement for private cn.thinkjoy.zgk.remote.IGkHotService cn.thinkjoy.rpc.GkHotTest.gkHotService
20160415-21:29:47.913+0800|default|Test worker|DEBUG|org.springframework.beans.factory.support.DefaultListableBeanFactory|Returning cached instance of singleton bean 'gkHotService'
20160415-21:29:47.944+0800|default|Test worker|INFO |com.alibaba.dubbo.registry.zookeeper.ZookeeperRegistry| [DUBBO] Register: consumer://172.16.150.16/cn.thinkjoy.zgk.remote.IGkHotService?application=ucenterwebwar-test&category=consumers&check=false&dubbo=2.5.3&interface=cn.thinkjoy.zgk.remote.IGkHotService&methods=getGkHotList,getGkHotInfo&pid=2377&revision=0.0.28-SNAPSHOT&side=consumer&timeout=60000&timestamp=1460726987916, dubbo version: 2.5.3, current host: 172.16.150.16
20160415-21:29:47.984+0800|default|Test worker-SendThread(mc.zk.thinkjoy.cn:2181)|DEBUG|org.apache.zookeeper.ClientCnxn|Reading reply sessionid:0x151adcbb3452b14, packet:: clientPath:null serverPath:null finished:false header:: 58,1  replyHeader:: 58,532369,-110  request:: '/dubbo,,v{s{31,s{'world,'anyone}}},0  response::  
20160415-21:29:48.037+0800|default|Test worker-SendThread(mc.zk.thinkjoy.cn:2181)|DEBUG|org.apache.zookeeper.ClientCnxn|Reading reply sessionid:0x151adcbb3452b14, packet:: clientPath:null serverPath:null finished:false header:: 59,1  replyHeader:: 59,532370,-110  request:: '/dubbo/cn.thinkjoy.zgk.remote.IGkHotService,,v{s{31,s{'world,'anyone}}},0  response::  
20160415-21:29:48.136+0800|default|Test worker-SendThread(mc.zk.thinkjoy.cn:2181)|DEBUG|org.apache.zookeeper.ClientCnxn|Reading reply sessionid:0x151adcbb3452b14, packet:: clientPath:null serverPath:null finished:false header:: 60,1  replyHeader:: 60,532371,-110  request:: '/dubbo/cn.thinkjoy.zgk.remote.IGkHotService/consumers,,v{s{31,s{'world,'anyone}}},0  response::  
20160415-21:29:48.203+0800|default|Test worker-SendThread(mc.zk.thinkjoy.cn:2181)|DEBUG|org.apache.zookeeper.ClientCnxn|Reading reply sessionid:0x151adcbb3452b14, packet:: clientPath:null serverPath:null finished:false header:: 61,1  replyHeader:: 61,532372,0  request:: '/dubbo/cn.thinkjoy.zgk.remote.IGkHotService/consumers/consumer%253A%252F%252F172.16.150.16%252Fcn.thinkjoy.zgk.remote.IGkHotService%253Fapplication%253Ducenterwebwar-test%2526category%253Dconsumers%2526check%253Dfalse%2526dubbo%253D2.5.3%2526interface%253Dcn.thinkjoy.zgk.remote.IGkHotService%2526methods%253DgetGkHotList%252CgetGkHotInfo%2526pid%253D2377%2526revision%253D0.0.28-SNAPSHOT%2526side%253Dconsumer%2526timeout%253D60000%2526timestamp%253D1460726987916,,v{s{31,s{'world,'anyone}}},1  response:: '/dubbo/cn.thinkjoy.zgk.remote.IGkHotService/consumers/consumer%253A%252F%252F172.16.150.16%252Fcn.thinkjoy.zgk.remote.IGkHotService%253Fapplication%253Ducenterwebwar-test%2526category%253Dconsumers%2526check%253Dfalse%2526dubbo%253D2.5.3%2526interface%253Dcn.thinkjoy.zgk.remote.IGkHotService%2526methods%253DgetGkHotList%252CgetGkHotInfo%2526pid%253D2377%2526revision%253D0.0.28-SNAPSHOT%2526side%253Dconsumer%2526timeout%253D60000%2526timestamp%253D1460726987916 
20160415-21:29:48.203+0800|default|Test worker|INFO |com.alibaba.dubbo.registry.zookeeper.ZookeeperRegistry| [DUBBO] Subscribe: consumer://172.16.150.16/cn.thinkjoy.zgk.remote.IGkHotService?application=ucenterwebwar-test&category=providers,configurators,routers&check=false&dubbo=2.5.3&interface=cn.thinkjoy.zgk.remote.IGkHotService&methods=getGkHotList,getGkHotInfo&pid=2377&revision=0.0.28-SNAPSHOT&side=consumer&timeout=60000&timestamp=1460726987916, dubbo version: 2.5.3, current host: 172.16.150.16
20160415-21:29:48.270+0800|default|Test worker-SendThread(mc.zk.thinkjoy.cn:2181)|DEBUG|org.apache.zookeeper.ClientCnxn|Reading reply sessionid:0x151adcbb3452b14, packet:: clientPath:null serverPath:null finished:false header:: 62,1  replyHeader:: 62,532373,-110  request:: '/dubbo,,v{s{31,s{'world,'anyone}}},0  response::  
20160415-21:29:48.308+0800|default|Test worker-SendThread(mc.zk.thinkjoy.cn:2181)|DEBUG|org.apache.zookeeper.ClientCnxn|Reading reply sessionid:0x151adcbb3452b14, packet:: clientPath:null serverPath:null finished:false header:: 63,1  replyHeader:: 63,532374,-110  request:: '/dubbo/cn.thinkjoy.zgk.remote.IGkHotService,,v{s{31,s{'world,'anyone}}},0  response::  
20160415-21:29:48.367+0800|default|Test worker-SendThread(mc.zk.thinkjoy.cn:2181)|DEBUG|org.apache.zookeeper.ClientCnxn|Reading reply sessionid:0x151adcbb3452b14, packet:: clientPath:null serverPath:null finished:false header:: 64,1  replyHeader:: 64,532375,-110  request:: '/dubbo/cn.thinkjoy.zgk.remote.IGkHotService/providers,,v{s{31,s{'world,'anyone}}},0  response::  
20160415-21:29:48.489+0800|default|Test worker-SendThread(mc.zk.thinkjoy.cn:2181)|DEBUG|org.apache.zookeeper.ClientCnxn|Reading reply sessionid:0x151adcbb3452b14, packet:: clientPath:null serverPath:null finished:false header:: 65,3  replyHeader:: 65,532375,0  request:: '/dubbo/cn.thinkjoy.zgk.remote.IGkHotService/providers,T  response:: s{96823,96823,1451959958250,1451959958250,0,2354,0,0,0,2,524494} 
20160415-21:29:48.567+0800|default|Test worker-SendThread(mc.zk.thinkjoy.cn:2181)|DEBUG|org.apache.zookeeper.ClientCnxn|Reading reply sessionid:0x151adcbb3452b14, packet:: clientPath:null serverPath:null finished:false header:: 66,8  replyHeader:: 66,532375,0  request:: '/dubbo/cn.thinkjoy.zgk.remote.IGkHotService/providers,T  response:: v{'dubbo%253A%252F%252F10.136.55.29%253A20880%252Fcn.thinkjoy.zgk.remote.IGkHotService%253Fanyhost%253Dtrue%2526application%253Dzgk%2526dubbo%253D2.5.3%2526interface%253Dcn.thinkjoy.zgk.remote.IGkHotService%2526methods%253DgetGkHotList%252CgetGkHotInfo%2526pid%253D6202%2526revision%253D0.0.28-SNAPSHOT%2526side%253Dprovider%2526timestamp%253D1458532198068,'dubbo%253A%252F%252F10.136.13.245%253A20881%252Fcn.thinkjoy.zgk.remote.IGkHotService%253Fanyhost%253Dtrue%2526application%253Dzgk%2526dubbo%253D2.5.3%2526interface%253Dcn.thinkjoy.zgk.remote.IGkHotService%2526methods%253DgetGkHotList%252CgetGkHotInfo%2526pid%253D10348%2526revision%253D0.0.28-SNAPSHOT%2526side%253Dprovider%2526timestamp%253D1460533481684} 
20160415-21:29:48.635+0800|default|Test worker-SendThread(mc.zk.thinkjoy.cn:2181)|DEBUG|org.apache.zookeeper.ClientCnxn|Reading reply sessionid:0x151adcbb3452b14, packet:: clientPath:null serverPath:null finished:false header:: 67,1  replyHeader:: 67,532376,-110  request:: '/dubbo,,v{s{31,s{'world,'anyone}}},0  response::  
20160415-21:29:48.664+0800|default|Test worker-SendThread(mc.zk.thinkjoy.cn:2181)|DEBUG|org.apache.zookeeper.ClientCnxn|Reading reply sessionid:0x151adcbb3452b14, packet:: clientPath:null serverPath:null finished:false header:: 68,1  replyHeader:: 68,532377,-110  request:: '/dubbo/cn.thinkjoy.zgk.remote.IGkHotService,,v{s{31,s{'world,'anyone}}},0  response::  
20160415-21:29:48.736+0800|default|Test worker-SendThread(mc.zk.thinkjoy.cn:2181)|DEBUG|org.apache.zookeeper.ClientCnxn|Reading reply sessionid:0x151adcbb3452b14, packet:: clientPath:null serverPath:null finished:false header:: 69,1  replyHeader:: 69,532378,-110  request:: '/dubbo/cn.thinkjoy.zgk.remote.IGkHotService/configurators,,v{s{31,s{'world,'anyone}}},0  response::  
20160415-21:29:48.900+0800|default|Test worker-SendThread(mc.zk.thinkjoy.cn:2181)|DEBUG|org.apache.zookeeper.ClientCnxn|Reading reply sessionid:0x151adcbb3452b14, packet:: clientPath:null serverPath:null finished:false header:: 70,3  replyHeader:: 70,532378,0  request:: '/dubbo/cn.thinkjoy.zgk.remote.IGkHotService/configurators,T  response:: s{96827,96827,1451959958409,1451959958409,0,0,0,0,0,0,96827} 
20160415-21:29:49.006+0800|default|Test worker-SendThread(mc.zk.thinkjoy.cn:2181)|DEBUG|org.apache.zookeeper.ClientCnxn|Reading reply sessionid:0x151adcbb3452b14, packet:: clientPath:null serverPath:null finished:false header:: 71,8  replyHeader:: 71,532378,0  request:: '/dubbo/cn.thinkjoy.zgk.remote.IGkHotService/configurators,T  response:: v{} 
20160415-21:29:49.063+0800|default|Test worker-SendThread(mc.zk.thinkjoy.cn:2181)|DEBUG|org.apache.zookeeper.ClientCnxn|Reading reply sessionid:0x151adcbb3452b14, packet:: clientPath:null serverPath:null finished:false header:: 72,1  replyHeader:: 72,532379,-110  request:: '/dubbo,,v{s{31,s{'world,'anyone}}},0  response::  
20160415-21:29:49.123+0800|default|Test worker-SendThread(mc.zk.thinkjoy.cn:2181)|DEBUG|org.apache.zookeeper.ClientCnxn|Reading reply sessionid:0x151adcbb3452b14, packet:: clientPath:null serverPath:null finished:false header:: 73,1  replyHeader:: 73,532380,-110  request:: '/dubbo/cn.thinkjoy.zgk.remote.IGkHotService,,v{s{31,s{'world,'anyone}}},0  response::  
20160415-21:29:49.152+0800|default|Test worker-SendThread(mc.zk.thinkjoy.cn:2181)|DEBUG|org.apache.zookeeper.ClientCnxn|Reading reply sessionid:0x151adcbb3452b14, packet:: clientPath:null serverPath:null finished:false header:: 74,1  replyHeader:: 74,532381,-110  request:: '/dubbo/cn.thinkjoy.zgk.remote.IGkHotService/routers,,v{s{31,s{'world,'anyone}}},0  response::  
20160415-21:29:49.248+0800|default|Test worker-SendThread(mc.zk.thinkjoy.cn:2181)|DEBUG|org.apache.zookeeper.ClientCnxn|Reading reply sessionid:0x151adcbb3452b14, packet:: clientPath:null serverPath:null finished:false header:: 75,3  replyHeader:: 75,532381,0  request:: '/dubbo/cn.thinkjoy.zgk.remote.IGkHotService/routers,T  response:: s{96844,96844,1451960037322,1451960037322,0,0,0,0,0,0,96844} 
20160415-21:29:49.315+0800|default|Test worker-SendThread(mc.zk.thinkjoy.cn:2181)|DEBUG|org.apache.zookeeper.ClientCnxn|Reading reply sessionid:0x151adcbb3452b14, packet:: clientPath:null serverPath:null finished:false header:: 76,8  replyHeader:: 76,532381,0  request:: '/dubbo/cn.thinkjoy.zgk.remote.IGkHotService/routers,T  response:: v{} 
20160415-21:29:49.316+0800|default|Test worker|INFO |com.alibaba.dubbo.registry.zookeeper.ZookeeperRegistry| [DUBBO] Notify urls for subscribe url consumer://172.16.150.16/cn.thinkjoy.zgk.remote.IGkHotService?application=ucenterwebwar-test&category=providers,configurators,routers&check=false&dubbo=2.5.3&interface=cn.thinkjoy.zgk.remote.IGkHotService&methods=getGkHotList,getGkHotInfo&pid=2377&revision=0.0.28-SNAPSHOT&side=consumer&timeout=60000&timestamp=1460726987916, urls: [dubbo://10.136.55.29:20880/cn.thinkjoy.zgk.remote.IGkHotService?anyhost=true&application=zgk&dubbo=2.5.3&interface=cn.thinkjoy.zgk.remote.IGkHotService&methods=getGkHotList,getGkHotInfo&pid=6202&revision=0.0.28-SNAPSHOT&side=provider&timestamp=1458532198068, dubbo://10.136.13.245:20881/cn.thinkjoy.zgk.remote.IGkHotService?anyhost=true&application=zgk&dubbo=2.5.3&interface=cn.thinkjoy.zgk.remote.IGkHotService&methods=getGkHotList,getGkHotInfo&pid=10348&revision=0.0.28-SNAPSHOT&side=provider&timestamp=1460533481684, empty://172.16.150.16/cn.thinkjoy.zgk.remote.IGkHotService?application=ucenterwebwar-test&category=configurators&check=false&dubbo=2.5.3&interface=cn.thinkjoy.zgk.remote.IGkHotService&methods=getGkHotList,getGkHotInfo&pid=2377&revision=0.0.28-SNAPSHOT&side=consumer&timeout=60000&timestamp=1460726987916, empty://172.16.150.16/cn.thinkjoy.zgk.remote.IGkHotService?application=ucenterwebwar-test&category=routers&check=false&dubbo=2.5.3&interface=cn.thinkjoy.zgk.remote.IGkHotService&methods=getGkHotList,getGkHotInfo&pid=2377&revision=0.0.28-SNAPSHOT&side=consumer&timeout=60000&timestamp=1460726987916], dubbo version: 2.5.3, current host: 172.16.150.16
20160415-21:29:49.322+0800|default|Test worker|INFO |com.alibaba.dubbo.config.AbstractConfig| [DUBBO] Refer dubbo service cn.thinkjoy.zgk.remote.IGkHotService from url zookeeper://mc.zk.thinkjoy.cn:2181/com.alibaba.dubbo.registry.RegistryService?anyhost=true&application=ucenterwebwar-test&check=false&dubbo=2.5.3&interface=cn.thinkjoy.zgk.remote.IGkHotService&methods=getGkHotList,getGkHotInfo&pid=2377&revision=0.0.28-SNAPSHOT&side=consumer&timeout=60000&timestamp=1460726987916, dubbo version: 2.5.3, current host: 172.16.150.16
20160415-21:29:49.327+0800|default|Test worker|DEBUG|org.springframework.beans.factory.annotation.AutowiredAnnotationBeanPostProcessor|Autowiring by type from bean name 'cn.thinkjoy.rpc.GkHotTest' to bean named 'gkHotService'
20160415-21:29:49.358+0800|default|DubboClientHandler-10.136.55.29:20880-thread-2|DEBUG|com.alibaba.dubbo.remoting.transport.DecodeHandler| [DUBBO] Decode decodeable message com.alibaba.dubbo.rpc.protocol.dubbo.DecodeableRpcResult, dubbo version: 2.5.3, current host: 172.16.150.16
20160415-21:29:49.359+0800|default|Test worker|DEBUG|org.springframework.test.context.support.DirtiesContextTestExecutionListener|After test method: context [DefaultTestContext@28081787 testClass = GkHotTest, testInstance = cn.thinkjoy.rpc.GkHotTest@2b40b499, testMethod = testGetGkHotInfo@GkHotTest, testException = java.lang.IllegalArgumentException: [Assertion failed] - this argument is required; it must not be null, mergedContextConfiguration = [MergedContextConfiguration@2510befe testClass = GkHotTest, locations = '{classpath:zgkwar-dubbo-consumer-test.xml}', classes = '{}', contextInitializerClasses = '[]', activeProfiles = '{}', propertySourceLocations = '{}', propertySourceProperties = '{}', contextLoader = 'org.springframework.test.context.support.DelegatingSmartContextLoader', parent = [null]]], class dirties context [false], class mode [null], method dirties context [false].
20160415-21:29:49.360+0800|default|Test worker|DEBUG|org.springframework.test.annotation.ProfileValueUtils|Retrieved @ProfileValueSourceConfiguration [null] for test class [cn.thinkjoy.rpc.GkHotTest]
20160415-21:29:49.360+0800|default|Test worker|DEBUG|org.springframework.test.annotation.ProfileValueUtils|Retrieved ProfileValueSource type [class org.springframework.test.annotation.SystemProfileValueSource] for class [cn.thinkjoy.rpc.GkHotTest]
20160415-21:29:49.360+0800|default|Test worker|DEBUG|org.springframework.test.context.support.DependencyInjectionTestExecutionListener|Performing dependency injection for test context [[DefaultTestContext@28081787 testClass = GkHotTest, testInstance = cn.thinkjoy.rpc.GkHotTest@61bbbcfe, testMethod = [null], testException = [null], mergedContextConfiguration = [MergedContextConfiguration@2510befe testClass = GkHotTest, locations = '{classpath:zgkwar-dubbo-consumer-test.xml}', classes = '{}', contextInitializerClasses = '[]', activeProfiles = '{}', propertySourceLocations = '{}', propertySourceProperties = '{}', contextLoader = 'org.springframework.test.context.support.DelegatingSmartContextLoader', parent = [null]]]].
20160415-21:29:49.360+0800|default|Test worker|DEBUG|org.springframework.test.context.DefaultCacheAwareContextLoaderDelegate|Retrieved ApplicationContext from cache with key [[MergedContextConfiguration@2510befe testClass = GkHotTest, locations = '{classpath:zgkwar-dubbo-consumer-test.xml}', classes = '{}', contextInitializerClasses = '[]', activeProfiles = '{}', propertySourceLocations = '{}', propertySourceProperties = '{}', contextLoader = 'org.springframework.test.context.support.DelegatingSmartContextLoader', parent = [null]]].
20160415-21:29:49.360+0800|default|Test worker|DEBUG|org.springframework.beans.factory.annotation.InjectionMetadata|Processing injected method of bean 'cn.thinkjoy.rpc.GkHotTest': AutowiredFieldElement for private cn.thinkjoy.zgk.remote.IGkHotService cn.thinkjoy.rpc.GkHotTest.gkHotService
20160415-21:29:49.360+0800|default|Test worker|DEBUG|org.springframework.beans.factory.support.DefaultListableBeanFactory|Returning cached instance of singleton bean 'gkHotService'
20160415-21:29:49.406+0800|default|DubboClientHandler-10.136.55.29:20880-thread-2|DEBUG|com.alibaba.dubbo.remoting.transport.DecodeHandler| [DUBBO] Decode decodeable message com.alibaba.dubbo.rpc.protocol.dubbo.DecodeableRpcResult, dubbo version: 2.5.3, current host: 172.16.150.16
20160415-21:29:49.474+0800|default|DubboClientHandler-10.136.13.245:20881-thread-2|DEBUG|com.alibaba.dubbo.remoting.transport.DecodeHandler| [DUBBO] Decode decodeable message com.alibaba.dubbo.rpc.protocol.dubbo.DecodeableRpcResult, dubbo version: 2.5.3, current host: 172.16.150.16
20160415-21:29:49.475+0800|default|Test worker|DEBUG|org.springframework.test.context.support.DirtiesContextTestExecutionListener|After test method: context [DefaultTestContext@28081787 testClass = GkHotTest, testInstance = cn.thinkjoy.rpc.GkHotTest@61bbbcfe, testMethod = testGetGkHotList@GkHotTest, testException = [null], mergedContextConfiguration = [MergedContextConfiguration@2510befe testClass = GkHotTest, locations = '{classpath:zgkwar-dubbo-consumer-test.xml}', classes = '{}', contextInitializerClasses = '[]', activeProfiles = '{}', propertySourceLocations = '{}', propertySourceProperties = '{}', contextLoader = 'org.springframework.test.context.support.DelegatingSmartContextLoader', parent = [null]]], class dirties context [false], class mode [null], method dirties context [false].
20160415-21:29:49.475+0800|default|Test worker|DEBUG|org.springframework.test.context.support.DirtiesContextTestExecutionListener|After test class: context [DefaultTestContext@28081787 testClass = GkHotTest, testInstance = [null], testMethod = [null], testException = [null], mergedContextConfiguration = [MergedContextConfiguration@2510befe testClass = GkHotTest, locations = '{classpath:zgkwar-dubbo-consumer-test.xml}', classes = '{}', contextInitializerClasses = '[]', activeProfiles = '{}', propertySourceLocations = '{}', propertySourceProperties = '{}', contextLoader = 'org.springframework.test.context.support.DelegatingSmartContextLoader', parent = [null]]], dirtiesContext [false].
]]></system-out>
  <system-err><![CDATA[]]></system-err>
</testsuite>
