<?xml version="1.0" encoding="UTF-8"?>
<testsuite name="cn.thinkjoy.rpc.GkEntryTest" tests="2" skipped="0" failures="1" errors="0" timestamp="2016-04-15T13:29:47" hostname="localhost" time="0.521">
  <properties/>
  <testcase name="testGetGkVideoInfo" classname="cn.thinkjoy.rpc.GkEntryTest" time="0.1">
    <failure message="java.lang.IllegalArgumentException: [Assertion failed] - this argument is required; it must not be null" type="java.lang.IllegalArgumentException">java.lang.IllegalArgumentException: [Assertion failed] - this argument is required; it must not be null
	at org.springframework.util.Assert.notNull(Assert.java:112)
	at org.springframework.util.Assert.notNull(Assert.java:123)
	at cn.thinkjoy.rpc.GkEntryTest.testGetGkVideoInfo(GkEntryTest.java:39)
	at sun.reflect.NativeMethodAccessorImpl.invoke0(Native Method)
	at sun.reflect.NativeMethodAccessorImpl.invoke(NativeMethodAccessorImpl.java:57)
	at sun.reflect.DelegatingMethodAccessorImpl.invoke(DelegatingMethodAccessorImpl.java:43)
	at java.lang.reflect.Method.invoke(Method.java:601)
	at org.junit.runners.model.FrameworkMethod$1.runReflectiveCall(FrameworkMethod.java:47)
	at org.junit.internal.runners.model.ReflectiveCallable.run(ReflectiveCallable.java:12)
	at org.junit.runners.model.FrameworkMethod.invokeExplosively(FrameworkMethod.java:44)
	at org.junit.internal.runners.statements.InvokeMethod.evaluate(InvokeMethod.java:17)
	at org.springframework.test.context.junit4.statements.RunBeforeTestMethodCallbacks.evaluate(RunBeforeTestMethodCallbacks.java:72)
	at org.springframework.test.context.junit4.statements.RunAfterTestMethodCallbacks.evaluate(RunAfterTestMethodCallbacks.java:81)
	at org.springframework.test.context.junit4.statements.SpringRepeat.evaluate(SpringRepeat.java:72)
	at org.junit.runners.ParentRunner.runLeaf(ParentRunner.java:271)
	at org.springframework.test.context.junit4.SpringJUnit4ClassRunner.runChild(SpringJUnit4ClassRunner.java:216)
	at org.springframework.test.context.junit4.SpringJUnit4ClassRunner.runChild(SpringJUnit4ClassRunner.java:82)
	at org.junit.runners.ParentRunner$3.run(ParentRunner.java:238)
	at org.junit.runners.ParentRunner$1.schedule(ParentRunner.java:63)
	at org.junit.runners.ParentRunner.runChildren(ParentRunner.java:236)
	at org.junit.runners.ParentRunner.access$000(ParentRunner.java:53)
	at org.junit.runners.ParentRunner$2.evaluate(ParentRunner.java:229)
	at org.springframework.test.context.junit4.statements.RunBeforeTestClassCallbacks.evaluate(RunBeforeTestClassCallbacks.java:60)
	at org.springframework.test.context.junit4.statements.RunAfterTestClassCallbacks.evaluate(RunAfterTestClassCallbacks.java:67)
	at org.junit.runners.ParentRunner.run(ParentRunner.java:309)
	at org.springframework.test.context.junit4.SpringJUnit4ClassRunner.run(SpringJUnit4ClassRunner.java:162)
	at org.gradle.api.internal.tasks.testing.junit.JUnitTestClassExecuter.runTestClass(JUnitTestClassExecuter.java:86)
	at org.gradle.api.internal.tasks.testing.junit.JUnitTestClassExecuter.execute(JUnitTestClassExecuter.java:49)
	at org.gradle.api.internal.tasks.testing.junit.JUnitTestClassProcessor.processTestClass(JUnitTestClassProcessor.java:69)
	at org.gradle.api.internal.tasks.testing.SuiteTestClassProcessor.processTestClass(SuiteTestClassProcessor.java:48)
	at sun.reflect.NativeMethodAccessorImpl.invoke0(Native Method)
	at sun.reflect.NativeMethodAccessorImpl.invoke(NativeMethodAccessorImpl.java:57)
	at sun.reflect.DelegatingMethodAccessorImpl.invoke(DelegatingMethodAccessorImpl.java:43)
	at java.lang.reflect.Method.invoke(Method.java:601)
	at org.gradle.messaging.dispatch.ReflectionDispatch.dispatch(ReflectionDispatch.java:35)
	at org.gradle.messaging.dispatch.ReflectionDispatch.dispatch(ReflectionDispatch.java:24)
	at org.gradle.messaging.dispatch.ContextClassLoaderDispatch.dispatch(ContextClassLoaderDispatch.java:32)
	at org.gradle.messaging.dispatch.ProxyDispatchAdapter$DispatchingInvocationHandler.invoke(ProxyDispatchAdapter.java:93)
	at com.sun.proxy.$Proxy2.processTestClass(Unknown Source)
	at org.gradle.api.internal.tasks.testing.worker.TestWorker.processTestClass(TestWorker.java:105)
	at sun.reflect.NativeMethodAccessorImpl.invoke0(Native Method)
	at sun.reflect.NativeMethodAccessorImpl.invoke(NativeMethodAccessorImpl.java:57)
	at sun.reflect.DelegatingMethodAccessorImpl.invoke(DelegatingMethodAccessorImpl.java:43)
	at java.lang.reflect.Method.invoke(Method.java:601)
	at org.gradle.messaging.dispatch.ReflectionDispatch.dispatch(ReflectionDispatch.java:35)
	at org.gradle.messaging.dispatch.ReflectionDispatch.dispatch(ReflectionDispatch.java:24)
	at org.gradle.messaging.remote.internal.hub.MessageHub$Handler.run(MessageHub.java:355)
	at org.gradle.internal.concurrent.DefaultExecutorFactory$StoppableExecutorImpl$1.run(DefaultExecutorFactory.java:64)
	at java.util.concurrent.ThreadPoolExecutor.runWorker(ThreadPoolExecutor.java:1145)
	at java.util.concurrent.ThreadPoolExecutor$Worker.run(ThreadPoolExecutor.java:615)
	at java.lang.Thread.run(Thread.java:722)
</failure>
  </testcase>
  <testcase name="testGetGkVideoList" classname="cn.thinkjoy.rpc.GkEntryTest" time="0.419"/>
  <system-out><![CDATA[20160415-21:29:45.957+0800|default|Test worker|DEBUG|org.springframework.test.context.junit4.SpringJUnit4ClassRunner|SpringJUnit4ClassRunner constructor called with [class cn.thinkjoy.rpc.GkEntryTest].
20160415-21:29:45.957+0800|default|Test worker|DEBUG|org.springframework.test.context.BootstrapUtils|Instantiating TestContextBootstrapper from class [org.springframework.test.context.support.DefaultTestContextBootstrapper]
20160415-21:29:45.958+0800|default|Test worker|DEBUG|org.springframework.test.context.support.AbstractDelegatingSmartContextLoader|Delegating to GenericXmlContextLoader to process context configuration [ContextConfigurationAttributes@52c64dde declaringClass = 'cn.thinkjoy.rpc.GkEntryTest', classes = '{}', locations = '{classpath:zgkwar-dubbo-consumer-test.xml}', inheritLocations = true, initializers = '{}', inheritInitializers = true, name = [null], contextLoaderClass = 'org.springframework.test.context.ContextLoader'].
20160415-21:29:45.958+0800|default|Test worker|DEBUG|org.springframework.test.context.support.ActiveProfilesUtils|Could not find an 'annotation declaring class' for annotation type [org.springframework.test.context.ActiveProfiles] and class [cn.thinkjoy.rpc.GkEntryTest]
20160415-21:29:45.959+0800|default|Test worker|DEBUG|org.springframework.test.context.support.DefaultTestContextBootstrapper|@TestExecutionListeners is not present for class [cn.thinkjoy.rpc.GkEntryTest]: using defaults.
20160415-21:29:45.960+0800|default|Test worker|INFO |org.springframework.test.context.support.DefaultTestContextBootstrapper|Loaded default TestExecutionListener class names from location [META-INF/spring.factories]: [org.springframework.test.context.web.ServletTestExecutionListener, org.springframework.test.context.support.DependencyInjectionTestExecutionListener, org.springframework.test.context.support.DirtiesContextTestExecutionListener, org.springframework.test.context.transaction.TransactionalTestExecutionListener, org.springframework.test.context.jdbc.SqlScriptsTestExecutionListener]
20160415-21:29:45.960+0800|default|Test worker|INFO |org.springframework.test.context.support.DefaultTestContextBootstrapper|Using TestExecutionListeners: [org.springframework.test.context.web.ServletTestExecutionListener@13bdbb15, org.springframework.test.context.support.DependencyInjectionTestExecutionListener@d4569d3, org.springframework.test.context.support.DirtiesContextTestExecutionListener@4826a273, org.springframework.test.context.transaction.TransactionalTestExecutionListener@60735106, org.springframework.test.context.jdbc.SqlScriptsTestExecutionListener@32cc9262]
20160415-21:29:45.960+0800|default|Test worker|DEBUG|org.springframework.test.annotation.ProfileValueUtils|Retrieved @ProfileValueSourceConfiguration [null] for test class [cn.thinkjoy.rpc.GkEntryTest]
20160415-21:29:45.960+0800|default|Test worker|DEBUG|org.springframework.test.annotation.ProfileValueUtils|Retrieved ProfileValueSource type [class org.springframework.test.annotation.SystemProfileValueSource] for class [cn.thinkjoy.rpc.GkEntryTest]
20160415-21:29:45.961+0800|default|Test worker|DEBUG|org.springframework.test.annotation.ProfileValueUtils|Retrieved @ProfileValueSourceConfiguration [null] for test class [cn.thinkjoy.rpc.GkEntryTest]
20160415-21:29:45.961+0800|default|Test worker|DEBUG|org.springframework.test.annotation.ProfileValueUtils|Retrieved ProfileValueSource type [class org.springframework.test.annotation.SystemProfileValueSource] for class [cn.thinkjoy.rpc.GkEntryTest]
20160415-21:29:45.961+0800|default|Test worker|DEBUG|org.springframework.test.annotation.ProfileValueUtils|Retrieved @ProfileValueSourceConfiguration [null] for test class [cn.thinkjoy.rpc.GkEntryTest]
20160415-21:29:45.961+0800|default|Test worker|DEBUG|org.springframework.test.annotation.ProfileValueUtils|Retrieved ProfileValueSource type [class org.springframework.test.annotation.SystemProfileValueSource] for class [cn.thinkjoy.rpc.GkEntryTest]
20160415-21:29:45.962+0800|default|Test worker|DEBUG|org.springframework.test.annotation.ProfileValueUtils|Retrieved @ProfileValueSourceConfiguration [null] for test class [cn.thinkjoy.rpc.GkEntryTest]
20160415-21:29:45.962+0800|default|Test worker|DEBUG|org.springframework.test.annotation.ProfileValueUtils|Retrieved ProfileValueSource type [class org.springframework.test.annotation.SystemProfileValueSource] for class [cn.thinkjoy.rpc.GkEntryTest]
20160415-21:29:45.962+0800|default|Test worker|DEBUG|org.springframework.test.context.support.DependencyInjectionTestExecutionListener|Performing dependency injection for test context [[DefaultTestContext@149e79fc testClass = GkEntryTest, testInstance = cn.thinkjoy.rpc.GkEntryTest@305a99f7, testMethod = [null], testException = [null], mergedContextConfiguration = [MergedContextConfiguration@c323fee testClass = GkEntryTest, locations = '{classpath:zgkwar-dubbo-consumer-test.xml}', classes = '{}', contextInitializerClasses = '[]', activeProfiles = '{}', propertySourceLocations = '{}', propertySourceProperties = '{}', contextLoader = 'org.springframework.test.context.support.DelegatingSmartContextLoader', parent = [null]]]].
20160415-21:29:45.962+0800|default|Test worker|DEBUG|org.springframework.test.context.DefaultCacheAwareContextLoaderDelegate|Retrieved ApplicationContext from cache with key [[MergedContextConfiguration@c323fee testClass = GkEntryTest, locations = '{classpath:zgkwar-dubbo-consumer-test.xml}', classes = '{}', contextInitializerClasses = '[]', activeProfiles = '{}', propertySourceLocations = '{}', propertySourceProperties = '{}', contextLoader = 'org.springframework.test.context.support.DelegatingSmartContextLoader', parent = [null]]].
20160415-21:29:45.969+0800|default|Test worker|DEBUG|org.springframework.beans.factory.annotation.InjectionMetadata|Processing injected method of bean 'cn.thinkjoy.rpc.GkEntryTest': AutowiredFieldElement for private cn.thinkjoy.zgk.remote.IGkEntryService cn.thinkjoy.rpc.GkEntryTest.gkEntryService
20160415-21:29:45.969+0800|default|Test worker|DEBUG|org.springframework.beans.factory.support.DefaultListableBeanFactory|Returning cached instance of singleton bean 'gkEntryService'
20160415-21:29:45.988+0800|default|Test worker|INFO |com.alibaba.dubbo.registry.zookeeper.ZookeeperRegistry| [DUBBO] Register: consumer://172.16.150.16/cn.thinkjoy.zgk.remote.IGkEntryService?application=ucenterwebwar-test&category=consumers&check=false&dubbo=2.5.3&interface=cn.thinkjoy.zgk.remote.IGkEntryService&methods=getGkEntryInfo,getGkEntryList&pid=2377&revision=0.0.28-SNAPSHOT&side=consumer&timeout=60000&timestamp=1460726985972, dubbo version: 2.5.3, current host: 172.16.150.16
20160415-21:29:46.035+0800|default|Test worker-SendThread(mc.zk.thinkjoy.cn:2181)|DEBUG|org.apache.zookeeper.ClientCnxn|Reading reply sessionid:0x151adcbb3452b14, packet:: clientPath:null serverPath:null finished:false header:: 39,1  replyHeader:: 39,532356,-110  request:: '/dubbo,,v{s{31,s{'world,'anyone}}},0  response::  
20160415-21:29:46.091+0800|default|Test worker-SendThread(mc.zk.thinkjoy.cn:2181)|DEBUG|org.apache.zookeeper.ClientCnxn|Reading reply sessionid:0x151adcbb3452b14, packet:: clientPath:null serverPath:null finished:false header:: 40,1  replyHeader:: 40,532357,-110  request:: '/dubbo/cn.thinkjoy.zgk.remote.IGkEntryService,,v{s{31,s{'world,'anyone}}},0  response::  
20160415-21:29:46.173+0800|default|Test worker-SendThread(mc.zk.thinkjoy.cn:2181)|DEBUG|org.apache.zookeeper.ClientCnxn|Reading reply sessionid:0x151adcbb3452b14, packet:: clientPath:null serverPath:null finished:false header:: 41,1  replyHeader:: 41,532358,-110  request:: '/dubbo/cn.thinkjoy.zgk.remote.IGkEntryService/consumers,,v{s{31,s{'world,'anyone}}},0  response::  
20160415-21:29:46.294+0800|default|Test worker-SendThread(mc.zk.thinkjoy.cn:2181)|DEBUG|org.apache.zookeeper.ClientCnxn|Reading reply sessionid:0x151adcbb3452b14, packet:: clientPath:null serverPath:null finished:false header:: 42,1  replyHeader:: 42,532359,0  request:: '/dubbo/cn.thinkjoy.zgk.remote.IGkEntryService/consumers/consumer%253A%252F%252F172.16.150.16%252Fcn.thinkjoy.zgk.remote.IGkEntryService%253Fapplication%253Ducenterwebwar-test%2526category%253Dconsumers%2526check%253Dfalse%2526dubbo%253D2.5.3%2526interface%253Dcn.thinkjoy.zgk.remote.IGkEntryService%2526methods%253DgetGkEntryInfo%252CgetGkEntryList%2526pid%253D2377%2526revision%253D0.0.28-SNAPSHOT%2526side%253Dconsumer%2526timeout%253D60000%2526timestamp%253D1460726985972,,v{s{31,s{'world,'anyone}}},1  response:: '/dubbo/cn.thinkjoy.zgk.remote.IGkEntryService/consumers/consumer%253A%252F%252F172.16.150.16%252Fcn.thinkjoy.zgk.remote.IGkEntryService%253Fapplication%253Ducenterwebwar-test%2526category%253Dconsumers%2526check%253Dfalse%2526dubbo%253D2.5.3%2526interface%253Dcn.thinkjoy.zgk.remote.IGkEntryService%2526methods%253DgetGkEntryInfo%252CgetGkEntryList%2526pid%253D2377%2526revision%253D0.0.28-SNAPSHOT%2526side%253Dconsumer%2526timeout%253D60000%2526timestamp%253D1460726985972 
20160415-21:29:46.294+0800|default|Test worker|INFO |com.alibaba.dubbo.registry.zookeeper.ZookeeperRegistry| [DUBBO] Subscribe: consumer://172.16.150.16/cn.thinkjoy.zgk.remote.IGkEntryService?application=ucenterwebwar-test&category=providers,configurators,routers&check=false&dubbo=2.5.3&interface=cn.thinkjoy.zgk.remote.IGkEntryService&methods=getGkEntryInfo,getGkEntryList&pid=2377&revision=0.0.28-SNAPSHOT&side=consumer&timeout=60000&timestamp=1460726985972, dubbo version: 2.5.3, current host: 172.16.150.16
20160415-21:29:46.475+0800|default|Test worker-SendThread(mc.zk.thinkjoy.cn:2181)|DEBUG|org.apache.zookeeper.ClientCnxn|Reading reply sessionid:0x151adcbb3452b14, packet:: clientPath:null serverPath:null finished:false header:: 43,1  replyHeader:: 43,532360,-110  request:: '/dubbo,,v{s{31,s{'world,'anyone}}},0  response::  
20160415-21:29:46.527+0800|default|Test worker-SendThread(mc.zk.thinkjoy.cn:2181)|DEBUG|org.apache.zookeeper.ClientCnxn|Reading reply sessionid:0x151adcbb3452b14, packet:: clientPath:null serverPath:null finished:false header:: 44,1  replyHeader:: 44,532361,-110  request:: '/dubbo/cn.thinkjoy.zgk.remote.IGkEntryService,,v{s{31,s{'world,'anyone}}},0  response::  
20160415-21:29:46.558+0800|default|Test worker-SendThread(mc.zk.thinkjoy.cn:2181)|DEBUG|org.apache.zookeeper.ClientCnxn|Reading reply sessionid:0x151adcbb3452b14, packet:: clientPath:null serverPath:null finished:false header:: 45,1  replyHeader:: 45,532362,-110  request:: '/dubbo/cn.thinkjoy.zgk.remote.IGkEntryService/providers,,v{s{31,s{'world,'anyone}}},0  response::  
20160415-21:29:46.624+0800|default|Test worker-SendThread(mc.zk.thinkjoy.cn:2181)|DEBUG|org.apache.zookeeper.ClientCnxn|Reading reply sessionid:0x151adcbb3452b14, packet:: clientPath:null serverPath:null finished:false header:: 46,3  replyHeader:: 46,532362,0  request:: '/dubbo/cn.thinkjoy.zgk.remote.IGkEntryService/providers,T  response:: s{145603,145603,1453359211572,1453359211572,0,956,0,0,0,2,524564} 
20160415-21:29:46.727+0800|default|Test worker-SendThread(mc.zk.thinkjoy.cn:2181)|DEBUG|org.apache.zookeeper.ClientCnxn|Reading reply sessionid:0x151adcbb3452b14, packet:: clientPath:null serverPath:null finished:false header:: 47,8  replyHeader:: 47,532362,0  request:: '/dubbo/cn.thinkjoy.zgk.remote.IGkEntryService/providers,T  response:: v{'dubbo%253A%252F%252F10.136.55.29%253A20880%252Fcn.thinkjoy.zgk.remote.IGkEntryService%253Fanyhost%253Dtrue%2526application%253Dzgk%2526dubbo%253D2.5.3%2526interface%253Dcn.thinkjoy.zgk.remote.IGkEntryService%2526methods%253DgetGkEntryInfo%252CgetGkEntryList%2526pid%253D6202%2526revision%253D0.0.28-SNAPSHOT%2526side%253Dprovider%2526timestamp%253D1458532198598,'dubbo%253A%252F%252F10.136.13.245%253A20881%252Fcn.thinkjoy.zgk.remote.IGkEntryService%253Fanyhost%253Dtrue%2526application%253Dzgk%2526dubbo%253D2.5.3%2526interface%253Dcn.thinkjoy.zgk.remote.IGkEntryService%2526methods%253DgetGkEntryInfo%252CgetGkEntryList%2526pid%253D10348%2526revision%253D0.0.28-SNAPSHOT%2526side%253Dprovider%2526timestamp%253D1460533482030} 
20160415-21:29:46.765+0800|default|Test worker-SendThread(mc.zk.thinkjoy.cn:2181)|DEBUG|org.apache.zookeeper.ClientCnxn|Reading reply sessionid:0x151adcbb3452b14, packet:: clientPath:null serverPath:null finished:false header:: 48,1  replyHeader:: 48,532363,-110  request:: '/dubbo,,v{s{31,s{'world,'anyone}}},0  response::  
20160415-21:29:46.850+0800|default|Test worker-SendThread(mc.zk.thinkjoy.cn:2181)|DEBUG|org.apache.zookeeper.ClientCnxn|Reading reply sessionid:0x151adcbb3452b14, packet:: clientPath:null serverPath:null finished:false header:: 49,1  replyHeader:: 49,532364,-110  request:: '/dubbo/cn.thinkjoy.zgk.remote.IGkEntryService,,v{s{31,s{'world,'anyone}}},0  response::  
20160415-21:29:46.889+0800|default|Test worker-SendThread(mc.zk.thinkjoy.cn:2181)|DEBUG|org.apache.zookeeper.ClientCnxn|Reading reply sessionid:0x151adcbb3452b14, packet:: clientPath:null serverPath:null finished:false header:: 50,1  replyHeader:: 50,532365,-110  request:: '/dubbo/cn.thinkjoy.zgk.remote.IGkEntryService/configurators,,v{s{31,s{'world,'anyone}}},0  response::  
20160415-21:29:46.919+0800|default|Test worker-SendThread(mc.zk.thinkjoy.cn:2181)|DEBUG|org.apache.zookeeper.ClientCnxn|Reading reply sessionid:0x151adcbb3452b14, packet:: clientPath:null serverPath:null finished:false header:: 51,3  replyHeader:: 51,532365,0  request:: '/dubbo/cn.thinkjoy.zgk.remote.IGkEntryService/configurators,T  response:: s{145607,145607,1453359211690,1453359211690,0,0,0,0,0,0,145607} 
20160415-21:29:46.984+0800|default|Test worker-SendThread(mc.zk.thinkjoy.cn:2181)|DEBUG|org.apache.zookeeper.ClientCnxn|Reading reply sessionid:0x151adcbb3452b14, packet:: clientPath:null serverPath:null finished:false header:: 52,8  replyHeader:: 52,532365,0  request:: '/dubbo/cn.thinkjoy.zgk.remote.IGkEntryService/configurators,T  response:: v{} 
20160415-21:29:47.054+0800|default|Test worker-SendThread(mc.zk.thinkjoy.cn:2181)|DEBUG|org.apache.zookeeper.ClientCnxn|Reading reply sessionid:0x151adcbb3452b14, packet:: clientPath:null serverPath:null finished:false header:: 53,1  replyHeader:: 53,532366,-110  request:: '/dubbo,,v{s{31,s{'world,'anyone}}},0  response::  
20160415-21:29:47.219+0800|default|Test worker-SendThread(mc.zk.thinkjoy.cn:2181)|DEBUG|org.apache.zookeeper.ClientCnxn|Reading reply sessionid:0x151adcbb3452b14, packet:: clientPath:null serverPath:null finished:false header:: 54,1  replyHeader:: 54,532367,-110  request:: '/dubbo/cn.thinkjoy.zgk.remote.IGkEntryService,,v{s{31,s{'world,'anyone}}},0  response::  
20160415-21:29:47.290+0800|default|Test worker-SendThread(mc.zk.thinkjoy.cn:2181)|DEBUG|org.apache.zookeeper.ClientCnxn|Reading reply sessionid:0x151adcbb3452b14, packet:: clientPath:null serverPath:null finished:false header:: 55,1  replyHeader:: 55,532368,-110  request:: '/dubbo/cn.thinkjoy.zgk.remote.IGkEntryService/routers,,v{s{31,s{'world,'anyone}}},0  response::  
20160415-21:29:47.318+0800|default|Test worker-SendThread(mc.zk.thinkjoy.cn:2181)|DEBUG|org.apache.zookeeper.ClientCnxn|Reading reply sessionid:0x151adcbb3452b14, packet:: clientPath:null serverPath:null finished:false header:: 56,3  replyHeader:: 56,532368,0  request:: '/dubbo/cn.thinkjoy.zgk.remote.IGkEntryService/routers,T  response:: s{145625,145625,1453359347767,1453359347767,0,0,0,0,0,0,145625} 
20160415-21:29:47.356+0800|default|Test worker-SendThread(mc.zk.thinkjoy.cn:2181)|DEBUG|org.apache.zookeeper.ClientCnxn|Reading reply sessionid:0x151adcbb3452b14, packet:: clientPath:null serverPath:null finished:false header:: 57,8  replyHeader:: 57,532368,0  request:: '/dubbo/cn.thinkjoy.zgk.remote.IGkEntryService/routers,T  response:: v{} 
20160415-21:29:47.357+0800|default|Test worker|INFO |com.alibaba.dubbo.registry.zookeeper.ZookeeperRegistry| [DUBBO] Notify urls for subscribe url consumer://172.16.150.16/cn.thinkjoy.zgk.remote.IGkEntryService?application=ucenterwebwar-test&category=providers,configurators,routers&check=false&dubbo=2.5.3&interface=cn.thinkjoy.zgk.remote.IGkEntryService&methods=getGkEntryInfo,getGkEntryList&pid=2377&revision=0.0.28-SNAPSHOT&side=consumer&timeout=60000&timestamp=1460726985972, urls: [dubbo://10.136.55.29:20880/cn.thinkjoy.zgk.remote.IGkEntryService?anyhost=true&application=zgk&dubbo=2.5.3&interface=cn.thinkjoy.zgk.remote.IGkEntryService&methods=getGkEntryInfo,getGkEntryList&pid=6202&revision=0.0.28-SNAPSHOT&side=provider&timestamp=1458532198598, dubbo://10.136.13.245:20881/cn.thinkjoy.zgk.remote.IGkEntryService?anyhost=true&application=zgk&dubbo=2.5.3&interface=cn.thinkjoy.zgk.remote.IGkEntryService&methods=getGkEntryInfo,getGkEntryList&pid=10348&revision=0.0.28-SNAPSHOT&side=provider&timestamp=1460533482030, empty://172.16.150.16/cn.thinkjoy.zgk.remote.IGkEntryService?application=ucenterwebwar-test&category=configurators&check=false&dubbo=2.5.3&interface=cn.thinkjoy.zgk.remote.IGkEntryService&methods=getGkEntryInfo,getGkEntryList&pid=2377&revision=0.0.28-SNAPSHOT&side=consumer&timeout=60000&timestamp=1460726985972, empty://172.16.150.16/cn.thinkjoy.zgk.remote.IGkEntryService?application=ucenterwebwar-test&category=routers&check=false&dubbo=2.5.3&interface=cn.thinkjoy.zgk.remote.IGkEntryService&methods=getGkEntryInfo,getGkEntryList&pid=2377&revision=0.0.28-SNAPSHOT&side=consumer&timeout=60000&timestamp=1460726985972], dubbo version: 2.5.3, current host: 172.16.150.16
20160415-21:29:47.359+0800|default|Test worker|INFO |com.alibaba.dubbo.config.AbstractConfig| [DUBBO] Refer dubbo service cn.thinkjoy.zgk.remote.IGkEntryService from url zookeeper://mc.zk.thinkjoy.cn:2181/com.alibaba.dubbo.registry.RegistryService?anyhost=true&application=ucenterwebwar-test&check=false&dubbo=2.5.3&interface=cn.thinkjoy.zgk.remote.IGkEntryService&methods=getGkEntryInfo,getGkEntryList&pid=2377&revision=0.0.28-SNAPSHOT&side=consumer&timeout=60000&timestamp=1460726985972, dubbo version: 2.5.3, current host: 172.16.150.16
20160415-21:29:47.365+0800|default|Test worker|DEBUG|org.springframework.beans.factory.annotation.AutowiredAnnotationBeanPostProcessor|Autowiring by type from bean name 'cn.thinkjoy.rpc.GkEntryTest' to bean named 'gkEntryService'
20160415-21:29:47.464+0800|default|DubboClientHandler-10.136.13.245:20881-thread-2|DEBUG|com.alibaba.dubbo.remoting.transport.DecodeHandler| [DUBBO] Decode decodeable message com.alibaba.dubbo.rpc.protocol.dubbo.DecodeableRpcResult, dubbo version: 2.5.3, current host: 172.16.150.16
20160415-21:29:47.467+0800|default|Test worker|DEBUG|org.springframework.test.context.support.DirtiesContextTestExecutionListener|After test method: context [DefaultTestContext@149e79fc testClass = GkEntryTest, testInstance = cn.thinkjoy.rpc.GkEntryTest@305a99f7, testMethod = testGetGkVideoInfo@GkEntryTest, testException = java.lang.IllegalArgumentException: [Assertion failed] - this argument is required; it must not be null, mergedContextConfiguration = [MergedContextConfiguration@c323fee testClass = GkEntryTest, locations = '{classpath:zgkwar-dubbo-consumer-test.xml}', classes = '{}', contextInitializerClasses = '[]', activeProfiles = '{}', propertySourceLocations = '{}', propertySourceProperties = '{}', contextLoader = 'org.springframework.test.context.support.DelegatingSmartContextLoader', parent = [null]]], class dirties context [false], class mode [null], method dirties context [false].
20160415-21:29:47.467+0800|default|Test worker|DEBUG|org.springframework.test.annotation.ProfileValueUtils|Retrieved @ProfileValueSourceConfiguration [null] for test class [cn.thinkjoy.rpc.GkEntryTest]
20160415-21:29:47.467+0800|default|Test worker|DEBUG|org.springframework.test.annotation.ProfileValueUtils|Retrieved ProfileValueSource type [class org.springframework.test.annotation.SystemProfileValueSource] for class [cn.thinkjoy.rpc.GkEntryTest]
20160415-21:29:47.468+0800|default|Test worker|DEBUG|org.springframework.test.context.support.DependencyInjectionTestExecutionListener|Performing dependency injection for test context [[DefaultTestContext@149e79fc testClass = GkEntryTest, testInstance = cn.thinkjoy.rpc.GkEntryTest@fcf9ba1, testMethod = [null], testException = [null], mergedContextConfiguration = [MergedContextConfiguration@c323fee testClass = GkEntryTest, locations = '{classpath:zgkwar-dubbo-consumer-test.xml}', classes = '{}', contextInitializerClasses = '[]', activeProfiles = '{}', propertySourceLocations = '{}', propertySourceProperties = '{}', contextLoader = 'org.springframework.test.context.support.DelegatingSmartContextLoader', parent = [null]]]].
20160415-21:29:47.468+0800|default|Test worker|DEBUG|org.springframework.test.context.DefaultCacheAwareContextLoaderDelegate|Retrieved ApplicationContext from cache with key [[MergedContextConfiguration@c323fee testClass = GkEntryTest, locations = '{classpath:zgkwar-dubbo-consumer-test.xml}', classes = '{}', contextInitializerClasses = '[]', activeProfiles = '{}', propertySourceLocations = '{}', propertySourceProperties = '{}', contextLoader = 'org.springframework.test.context.support.DelegatingSmartContextLoader', parent = [null]]].
20160415-21:29:47.468+0800|default|Test worker|DEBUG|org.springframework.beans.factory.annotation.InjectionMetadata|Processing injected method of bean 'cn.thinkjoy.rpc.GkEntryTest': AutowiredFieldElement for private cn.thinkjoy.zgk.remote.IGkEntryService cn.thinkjoy.rpc.GkEntryTest.gkEntryService
20160415-21:29:47.468+0800|default|Test worker|DEBUG|org.springframework.beans.factory.support.DefaultListableBeanFactory|Returning cached instance of singleton bean 'gkEntryService'
20160415-21:29:47.887+0800|default|DubboClientHandler-10.136.13.245:20881-thread-2|DEBUG|com.alibaba.dubbo.remoting.transport.DecodeHandler| [DUBBO] Decode decodeable message com.alibaba.dubbo.rpc.protocol.dubbo.DecodeableRpcResult, dubbo version: 2.5.3, current host: 172.16.150.16
20160415-21:29:47.888+0800|default|Test worker|DEBUG|org.springframework.test.context.support.DirtiesContextTestExecutionListener|After test method: context [DefaultTestContext@149e79fc testClass = GkEntryTest, testInstance = cn.thinkjoy.rpc.GkEntryTest@fcf9ba1, testMethod = testGetGkVideoList@GkEntryTest, testException = [null], mergedContextConfiguration = [MergedContextConfiguration@c323fee testClass = GkEntryTest, locations = '{classpath:zgkwar-dubbo-consumer-test.xml}', classes = '{}', contextInitializerClasses = '[]', activeProfiles = '{}', propertySourceLocations = '{}', propertySourceProperties = '{}', contextLoader = 'org.springframework.test.context.support.DelegatingSmartContextLoader', parent = [null]]], class dirties context [false], class mode [null], method dirties context [false].
20160415-21:29:47.888+0800|default|Test worker|DEBUG|org.springframework.test.context.support.DirtiesContextTestExecutionListener|After test class: context [DefaultTestContext@149e79fc testClass = GkEntryTest, testInstance = [null], testMethod = [null], testException = [null], mergedContextConfiguration = [MergedContextConfiguration@c323fee testClass = GkEntryTest, locations = '{classpath:zgkwar-dubbo-consumer-test.xml}', classes = '{}', contextInitializerClasses = '[]', activeProfiles = '{}', propertySourceLocations = '{}', propertySourceProperties = '{}', contextLoader = 'org.springframework.test.context.support.DelegatingSmartContextLoader', parent = [null]]], dirtiesContext [false].
]]></system-out>
  <system-err><![CDATA[]]></system-err>
</testsuite>
