<?xml version="1.0" encoding="UTF-8"?>
<testsuite name="cn.thinkjoy.rpc.GkAreaBatchTest" tests="2" skipped="0" failures="0" errors="0" timestamp="2016-04-15T13:29:45" hostname="localhost" time="0.205">
  <properties/>
  <testcase name="testGetGkVideoInfo" classname="cn.thinkjoy.rpc.GkAreaBatchTest" time="0.109"/>
  <testcase name="testGetGkVideoList" classname="cn.thinkjoy.rpc.GkAreaBatchTest" time="0.094"/>
  <system-out><![CDATA[20160415-21:29:43.875+0800|default|Test worker|DEBUG|org.springframework.test.context.junit4.SpringJUnit4ClassRunner|SpringJUnit4ClassRunner constructor called with [class cn.thinkjoy.rpc.GkAreaBatchTest].
20160415-21:29:43.875+0800|default|Test worker|DEBUG|org.springframework.test.context.BootstrapUtils|Instantiating TestContextBootstrapper from class [org.springframework.test.context.support.DefaultTestContextBootstrapper]
20160415-21:29:43.876+0800|default|Test worker|DEBUG|org.springframework.test.context.support.AbstractDelegatingSmartContextLoader|Delegating to GenericXmlContextLoader to process context configuration [ContextConfigurationAttributes@4a0e67c declaringClass = 'cn.thinkjoy.rpc.GkAreaBatchTest', classes = '{}', locations = '{classpath:zgkwar-dubbo-consumer-test.xml}', inheritLocations = true, initializers = '{}', inheritInitializers = true, name = [null], contextLoaderClass = 'org.springframework.test.context.ContextLoader'].
20160415-21:29:43.877+0800|default|Test worker|DEBUG|org.springframework.test.context.support.ActiveProfilesUtils|Could not find an 'annotation declaring class' for annotation type [org.springframework.test.context.ActiveProfiles] and class [cn.thinkjoy.rpc.GkAreaBatchTest]
20160415-21:29:43.878+0800|default|Test worker|DEBUG|org.springframework.test.context.support.DefaultTestContextBootstrapper|@TestExecutionListeners is not present for class [cn.thinkjoy.rpc.GkAreaBatchTest]: using defaults.
20160415-21:29:43.885+0800|default|Test worker|INFO |org.springframework.test.context.support.DefaultTestContextBootstrapper|Loaded default TestExecutionListener class names from location [META-INF/spring.factories]: [org.springframework.test.context.web.ServletTestExecutionListener, org.springframework.test.context.support.DependencyInjectionTestExecutionListener, org.springframework.test.context.support.DirtiesContextTestExecutionListener, org.springframework.test.context.transaction.TransactionalTestExecutionListener, org.springframework.test.context.jdbc.SqlScriptsTestExecutionListener]
20160415-21:29:43.886+0800|default|Test worker|INFO |org.springframework.test.context.support.DefaultTestContextBootstrapper|Using TestExecutionListeners: [org.springframework.test.context.web.ServletTestExecutionListener@502016b8, org.springframework.test.context.support.DependencyInjectionTestExecutionListener@6ab3b320, org.springframework.test.context.support.DirtiesContextTestExecutionListener@7489ed15, org.springframework.test.context.transaction.TransactionalTestExecutionListener@b2c3979, org.springframework.test.context.jdbc.SqlScriptsTestExecutionListener@4713caa]
20160415-21:29:43.886+0800|default|Test worker|DEBUG|org.springframework.test.annotation.ProfileValueUtils|Retrieved @ProfileValueSourceConfiguration [null] for test class [cn.thinkjoy.rpc.GkAreaBatchTest]
20160415-21:29:43.886+0800|default|Test worker|DEBUG|org.springframework.test.annotation.ProfileValueUtils|Retrieved ProfileValueSource type [class org.springframework.test.annotation.SystemProfileValueSource] for class [cn.thinkjoy.rpc.GkAreaBatchTest]
20160415-21:29:43.887+0800|default|Test worker|DEBUG|org.springframework.test.annotation.ProfileValueUtils|Retrieved @ProfileValueSourceConfiguration [null] for test class [cn.thinkjoy.rpc.GkAreaBatchTest]
20160415-21:29:43.887+0800|default|Test worker|DEBUG|org.springframework.test.annotation.ProfileValueUtils|Retrieved ProfileValueSource type [class org.springframework.test.annotation.SystemProfileValueSource] for class [cn.thinkjoy.rpc.GkAreaBatchTest]
20160415-21:29:43.887+0800|default|Test worker|DEBUG|org.springframework.test.annotation.ProfileValueUtils|Retrieved @ProfileValueSourceConfiguration [null] for test class [cn.thinkjoy.rpc.GkAreaBatchTest]
20160415-21:29:43.887+0800|default|Test worker|DEBUG|org.springframework.test.annotation.ProfileValueUtils|Retrieved ProfileValueSource type [class org.springframework.test.annotation.SystemProfileValueSource] for class [cn.thinkjoy.rpc.GkAreaBatchTest]
20160415-21:29:43.888+0800|default|Test worker|DEBUG|org.springframework.test.annotation.ProfileValueUtils|Retrieved @ProfileValueSourceConfiguration [null] for test class [cn.thinkjoy.rpc.GkAreaBatchTest]
20160415-21:29:43.888+0800|default|Test worker|DEBUG|org.springframework.test.annotation.ProfileValueUtils|Retrieved ProfileValueSource type [class org.springframework.test.annotation.SystemProfileValueSource] for class [cn.thinkjoy.rpc.GkAreaBatchTest]
20160415-21:29:43.888+0800|default|Test worker|DEBUG|org.springframework.test.context.support.DependencyInjectionTestExecutionListener|Performing dependency injection for test context [[DefaultTestContext@60cf242c testClass = GkAreaBatchTest, testInstance = cn.thinkjoy.rpc.GkAreaBatchTest@3f4ff65b, testMethod = [null], testException = [null], mergedContextConfiguration = [MergedContextConfiguration@1ab6f0d6 testClass = GkAreaBatchTest, locations = '{classpath:zgkwar-dubbo-consumer-test.xml}', classes = '{}', contextInitializerClasses = '[]', activeProfiles = '{}', propertySourceLocations = '{}', propertySourceProperties = '{}', contextLoader = 'org.springframework.test.context.support.DelegatingSmartContextLoader', parent = [null]]]].
20160415-21:29:43.889+0800|default|Test worker|DEBUG|org.springframework.test.context.DefaultCacheAwareContextLoaderDelegate|Retrieved ApplicationContext from cache with key [[MergedContextConfiguration@1ab6f0d6 testClass = GkAreaBatchTest, locations = '{classpath:zgkwar-dubbo-consumer-test.xml}', classes = '{}', contextInitializerClasses = '[]', activeProfiles = '{}', propertySourceLocations = '{}', propertySourceProperties = '{}', contextLoader = 'org.springframework.test.context.support.DelegatingSmartContextLoader', parent = [null]]].
20160415-21:29:43.906+0800|default|Test worker|DEBUG|org.springframework.beans.factory.annotation.InjectionMetadata|Processing injected method of bean 'cn.thinkjoy.rpc.GkAreaBatchTest': AutowiredFieldElement for private cn.thinkjoy.zgk.remote.IGkAreaBatchService cn.thinkjoy.rpc.GkAreaBatchTest.gkAreaBatchService
20160415-21:29:43.907+0800|default|Test worker|DEBUG|org.springframework.beans.factory.support.DefaultListableBeanFactory|Returning cached instance of singleton bean 'gkAreaBatchService'
20160415-21:29:44.027+0800|default|Test worker|INFO |com.alibaba.dubbo.registry.zookeeper.ZookeeperRegistry| [DUBBO] Register: consumer://172.16.150.16/cn.thinkjoy.zgk.remote.IGkAreaBatchService?application=ucenterwebwar-test&category=consumers&check=false&dubbo=2.5.3&interface=cn.thinkjoy.zgk.remote.IGkAreaBatchService&methods=getGkAreaBatchInfo,getGkAreaBatchList&pid=2377&revision=0.0.28-SNAPSHOT&side=consumer&timeout=60000&timestamp=1460726983911, dubbo version: 2.5.3, current host: 172.16.150.16
20160415-21:29:44.066+0800|default|Test worker-SendThread(mc.zk.thinkjoy.cn:2181)|DEBUG|org.apache.zookeeper.ClientCnxn|Reading reply sessionid:0x151adcbb3452b14, packet:: clientPath:null serverPath:null finished:false header:: 20,1  replyHeader:: 20,532343,-110  request:: '/dubbo,,v{s{31,s{'world,'anyone}}},0  response::  
20160415-21:29:44.100+0800|default|Test worker-SendThread(mc.zk.thinkjoy.cn:2181)|DEBUG|org.apache.zookeeper.ClientCnxn|Reading reply sessionid:0x151adcbb3452b14, packet:: clientPath:null serverPath:null finished:false header:: 21,1  replyHeader:: 21,532344,-110  request:: '/dubbo/cn.thinkjoy.zgk.remote.IGkAreaBatchService,,v{s{31,s{'world,'anyone}}},0  response::  
20160415-21:29:44.135+0800|default|Test worker-SendThread(mc.zk.thinkjoy.cn:2181)|DEBUG|org.apache.zookeeper.ClientCnxn|Reading reply sessionid:0x151adcbb3452b14, packet:: clientPath:null serverPath:null finished:false header:: 22,1  replyHeader:: 22,532345,-110  request:: '/dubbo/cn.thinkjoy.zgk.remote.IGkAreaBatchService/consumers,,v{s{31,s{'world,'anyone}}},0  response::  
20160415-21:29:44.172+0800|default|Test worker-SendThread(mc.zk.thinkjoy.cn:2181)|DEBUG|org.apache.zookeeper.ClientCnxn|Reading reply sessionid:0x151adcbb3452b14, packet:: clientPath:null serverPath:null finished:false header:: 23,1  replyHeader:: 23,532346,0  request:: '/dubbo/cn.thinkjoy.zgk.remote.IGkAreaBatchService/consumers/consumer%253A%252F%252F172.16.150.16%252Fcn.thinkjoy.zgk.remote.IGkAreaBatchService%253Fapplication%253Ducenterwebwar-test%2526category%253Dconsumers%2526check%253Dfalse%2526dubbo%253D2.5.3%2526interface%253Dcn.thinkjoy.zgk.remote.IGkAreaBatchService%2526methods%253DgetGkAreaBatchInfo%252CgetGkAreaBatchList%2526pid%253D2377%2526revision%253D0.0.28-SNAPSHOT%2526side%253Dconsumer%2526timeout%253D60000%2526timestamp%253D1460726983911,,v{s{31,s{'world,'anyone}}},1  response:: '/dubbo/cn.thinkjoy.zgk.remote.IGkAreaBatchService/consumers/consumer%253A%252F%252F172.16.150.16%252Fcn.thinkjoy.zgk.remote.IGkAreaBatchService%253Fapplication%253Ducenterwebwar-test%2526category%253Dconsumers%2526check%253Dfalse%2526dubbo%253D2.5.3%2526interface%253Dcn.thinkjoy.zgk.remote.IGkAreaBatchService%2526methods%253DgetGkAreaBatchInfo%252CgetGkAreaBatchList%2526pid%253D2377%2526revision%253D0.0.28-SNAPSHOT%2526side%253Dconsumer%2526timeout%253D60000%2526timestamp%253D1460726983911 
20160415-21:29:44.173+0800|default|Test worker|INFO |com.alibaba.dubbo.registry.zookeeper.ZookeeperRegistry| [DUBBO] Subscribe: consumer://172.16.150.16/cn.thinkjoy.zgk.remote.IGkAreaBatchService?application=ucenterwebwar-test&category=providers,configurators,routers&check=false&dubbo=2.5.3&interface=cn.thinkjoy.zgk.remote.IGkAreaBatchService&methods=getGkAreaBatchInfo,getGkAreaBatchList&pid=2377&revision=0.0.28-SNAPSHOT&side=consumer&timeout=60000&timestamp=1460726983911, dubbo version: 2.5.3, current host: 172.16.150.16
20160415-21:29:44.257+0800|default|Test worker-SendThread(mc.zk.thinkjoy.cn:2181)|DEBUG|org.apache.zookeeper.ClientCnxn|Reading reply sessionid:0x151adcbb3452b14, packet:: clientPath:null serverPath:null finished:false header:: 24,1  replyHeader:: 24,532347,-110  request:: '/dubbo,,v{s{31,s{'world,'anyone}}},0  response::  
20160415-21:29:44.326+0800|default|Test worker-SendThread(mc.zk.thinkjoy.cn:2181)|DEBUG|org.apache.zookeeper.ClientCnxn|Reading reply sessionid:0x151adcbb3452b14, packet:: clientPath:null serverPath:null finished:false header:: 25,1  replyHeader:: 25,532348,-110  request:: '/dubbo/cn.thinkjoy.zgk.remote.IGkAreaBatchService,,v{s{31,s{'world,'anyone}}},0  response::  
20160415-21:29:44.435+0800|default|Test worker-SendThread(mc.zk.thinkjoy.cn:2181)|DEBUG|org.apache.zookeeper.ClientCnxn|Reading reply sessionid:0x151adcbb3452b14, packet:: clientPath:null serverPath:null finished:false header:: 26,1  replyHeader:: 26,532349,-110  request:: '/dubbo/cn.thinkjoy.zgk.remote.IGkAreaBatchService/providers,,v{s{31,s{'world,'anyone}}},0  response::  
20160415-21:29:44.815+0800|default|Test worker-SendThread(mc.zk.thinkjoy.cn:2181)|DEBUG|org.apache.zookeeper.ClientCnxn|Reading reply sessionid:0x151adcbb3452b14, packet:: clientPath:null serverPath:null finished:false header:: 27,3  replyHeader:: 27,532349,0  request:: '/dubbo/cn.thinkjoy.zgk.remote.IGkAreaBatchService/providers,T  response:: s{143061,143061,1453342863391,1453342863391,0,992,0,0,0,2,524557} 
20160415-21:29:44.889+0800|default|Test worker-SendThread(mc.zk.thinkjoy.cn:2181)|DEBUG|org.apache.zookeeper.ClientCnxn|Reading reply sessionid:0x151adcbb3452b14, packet:: clientPath:null serverPath:null finished:false header:: 28,8  replyHeader:: 28,532349,0  request:: '/dubbo/cn.thinkjoy.zgk.remote.IGkAreaBatchService/providers,T  response:: v{'dubbo%253A%252F%252F10.136.55.29%253A20880%252Fcn.thinkjoy.zgk.remote.IGkAreaBatchService%253Fanyhost%253Dtrue%2526application%253Dzgk%2526dubbo%253D2.5.3%2526interface%253Dcn.thinkjoy.zgk.remote.IGkAreaBatchService%2526methods%253DgetGkAreaBatchInfo%252CgetGkAreaBatchList%2526pid%253D6202%2526revision%253D0.0.28-SNAPSHOT%2526side%253Dprovider%2526timestamp%253D1458532198573,'dubbo%253A%252F%252F10.136.13.245%253A20881%252Fcn.thinkjoy.zgk.remote.IGkAreaBatchService%253Fanyhost%253Dtrue%2526application%253Dzgk%2526dubbo%253D2.5.3%2526interface%253Dcn.thinkjoy.zgk.remote.IGkAreaBatchService%2526methods%253DgetGkAreaBatchInfo%252CgetGkAreaBatchList%2526pid%253D10348%2526revision%253D0.0.28-SNAPSHOT%2526side%253Dprovider%2526timestamp%253D1460533482001} 
20160415-21:29:44.974+0800|default|Test worker-SendThread(mc.zk.thinkjoy.cn:2181)|DEBUG|org.apache.zookeeper.ClientCnxn|Reading reply sessionid:0x151adcbb3452b14, packet:: clientPath:null serverPath:null finished:false header:: 29,1  replyHeader:: 29,532350,-110  request:: '/dubbo,,v{s{31,s{'world,'anyone}}},0  response::  
20160415-21:29:45.049+0800|default|Test worker-SendThread(mc.zk.thinkjoy.cn:2181)|DEBUG|org.apache.zookeeper.ClientCnxn|Reading reply sessionid:0x151adcbb3452b14, packet:: clientPath:null serverPath:null finished:false header:: 30,1  replyHeader:: 30,532351,-110  request:: '/dubbo/cn.thinkjoy.zgk.remote.IGkAreaBatchService,,v{s{31,s{'world,'anyone}}},0  response::  
20160415-21:29:45.085+0800|default|Test worker-SendThread(mc.zk.thinkjoy.cn:2181)|DEBUG|org.apache.zookeeper.ClientCnxn|Reading reply sessionid:0x151adcbb3452b14, packet:: clientPath:null serverPath:null finished:false header:: 31,1  replyHeader:: 31,532352,-110  request:: '/dubbo/cn.thinkjoy.zgk.remote.IGkAreaBatchService/configurators,,v{s{31,s{'world,'anyone}}},0  response::  
20160415-21:29:45.151+0800|default|Test worker-SendThread(mc.zk.thinkjoy.cn:2181)|DEBUG|org.apache.zookeeper.ClientCnxn|Reading reply sessionid:0x151adcbb3452b14, packet:: clientPath:null serverPath:null finished:false header:: 32,3  replyHeader:: 32,532352,0  request:: '/dubbo/cn.thinkjoy.zgk.remote.IGkAreaBatchService/configurators,T  response:: s{143065,143065,1453342863500,1453342863500,0,0,0,0,0,0,143065} 
20160415-21:29:45.221+0800|default|Test worker-SendThread(mc.zk.thinkjoy.cn:2181)|DEBUG|org.apache.zookeeper.ClientCnxn|Reading reply sessionid:0x151adcbb3452b14, packet:: clientPath:null serverPath:null finished:false header:: 33,8  replyHeader:: 33,532352,0  request:: '/dubbo/cn.thinkjoy.zgk.remote.IGkAreaBatchService/configurators,T  response:: v{} 
20160415-21:29:45.417+0800|default|Test worker-SendThread(mc.zk.thinkjoy.cn:2181)|DEBUG|org.apache.zookeeper.ClientCnxn|Reading reply sessionid:0x151adcbb3452b14, packet:: clientPath:null serverPath:null finished:false header:: 34,1  replyHeader:: 34,532353,-110  request:: '/dubbo,,v{s{31,s{'world,'anyone}}},0  response::  
20160415-21:29:45.495+0800|default|Test worker-SendThread(mc.zk.thinkjoy.cn:2181)|DEBUG|org.apache.zookeeper.ClientCnxn|Reading reply sessionid:0x151adcbb3452b14, packet:: clientPath:null serverPath:null finished:false header:: 35,1  replyHeader:: 35,532354,-110  request:: '/dubbo/cn.thinkjoy.zgk.remote.IGkAreaBatchService,,v{s{31,s{'world,'anyone}}},0  response::  
20160415-21:29:45.632+0800|default|Test worker-SendThread(mc.zk.thinkjoy.cn:2181)|DEBUG|org.apache.zookeeper.ClientCnxn|Reading reply sessionid:0x151adcbb3452b14, packet:: clientPath:null serverPath:null finished:false header:: 36,1  replyHeader:: 36,532355,-110  request:: '/dubbo/cn.thinkjoy.zgk.remote.IGkAreaBatchService/routers,,v{s{31,s{'world,'anyone}}},0  response::  
20160415-21:29:45.702+0800|default|Test worker-SendThread(mc.zk.thinkjoy.cn:2181)|DEBUG|org.apache.zookeeper.ClientCnxn|Reading reply sessionid:0x151adcbb3452b14, packet:: clientPath:null serverPath:null finished:false header:: 37,3  replyHeader:: 37,532355,0  request:: '/dubbo/cn.thinkjoy.zgk.remote.IGkAreaBatchService/routers,T  response:: s{143298,143298,1453344003362,1453344003362,0,0,0,0,0,0,143298} 
20160415-21:29:45.738+0800|default|Test worker-SendThread(mc.zk.thinkjoy.cn:2181)|DEBUG|org.apache.zookeeper.ClientCnxn|Reading reply sessionid:0x151adcbb3452b14, packet:: clientPath:null serverPath:null finished:false header:: 38,8  replyHeader:: 38,532355,0  request:: '/dubbo/cn.thinkjoy.zgk.remote.IGkAreaBatchService/routers,T  response:: v{} 
20160415-21:29:45.738+0800|default|Test worker|INFO |com.alibaba.dubbo.registry.zookeeper.ZookeeperRegistry| [DUBBO] Notify urls for subscribe url consumer://172.16.150.16/cn.thinkjoy.zgk.remote.IGkAreaBatchService?application=ucenterwebwar-test&category=providers,configurators,routers&check=false&dubbo=2.5.3&interface=cn.thinkjoy.zgk.remote.IGkAreaBatchService&methods=getGkAreaBatchInfo,getGkAreaBatchList&pid=2377&revision=0.0.28-SNAPSHOT&side=consumer&timeout=60000&timestamp=1460726983911, urls: [dubbo://10.136.55.29:20880/cn.thinkjoy.zgk.remote.IGkAreaBatchService?anyhost=true&application=zgk&dubbo=2.5.3&interface=cn.thinkjoy.zgk.remote.IGkAreaBatchService&methods=getGkAreaBatchInfo,getGkAreaBatchList&pid=6202&revision=0.0.28-SNAPSHOT&side=provider&timestamp=1458532198573, dubbo://10.136.13.245:20881/cn.thinkjoy.zgk.remote.IGkAreaBatchService?anyhost=true&application=zgk&dubbo=2.5.3&interface=cn.thinkjoy.zgk.remote.IGkAreaBatchService&methods=getGkAreaBatchInfo,getGkAreaBatchList&pid=10348&revision=0.0.28-SNAPSHOT&side=provider&timestamp=1460533482001, empty://172.16.150.16/cn.thinkjoy.zgk.remote.IGkAreaBatchService?application=ucenterwebwar-test&category=configurators&check=false&dubbo=2.5.3&interface=cn.thinkjoy.zgk.remote.IGkAreaBatchService&methods=getGkAreaBatchInfo,getGkAreaBatchList&pid=2377&revision=0.0.28-SNAPSHOT&side=consumer&timeout=60000&timestamp=1460726983911, empty://172.16.150.16/cn.thinkjoy.zgk.remote.IGkAreaBatchService?application=ucenterwebwar-test&category=routers&check=false&dubbo=2.5.3&interface=cn.thinkjoy.zgk.remote.IGkAreaBatchService&methods=getGkAreaBatchInfo,getGkAreaBatchList&pid=2377&revision=0.0.28-SNAPSHOT&side=consumer&timeout=60000&timestamp=1460726983911], dubbo version: 2.5.3, current host: 172.16.150.16
20160415-21:29:45.742+0800|default|Test worker|INFO |com.alibaba.dubbo.config.AbstractConfig| [DUBBO] Refer dubbo service cn.thinkjoy.zgk.remote.IGkAreaBatchService from url zookeeper://mc.zk.thinkjoy.cn:2181/com.alibaba.dubbo.registry.RegistryService?anyhost=true&application=ucenterwebwar-test&check=false&dubbo=2.5.3&interface=cn.thinkjoy.zgk.remote.IGkAreaBatchService&methods=getGkAreaBatchInfo,getGkAreaBatchList&pid=2377&revision=0.0.28-SNAPSHOT&side=consumer&timeout=60000&timestamp=1460726983911, dubbo version: 2.5.3, current host: 172.16.150.16
20160415-21:29:45.749+0800|default|Test worker|DEBUG|org.springframework.beans.factory.annotation.AutowiredAnnotationBeanPostProcessor|Autowiring by type from bean name 'cn.thinkjoy.rpc.GkAreaBatchTest' to bean named 'gkAreaBatchService'
20160415-21:29:45.858+0800|default|DubboClientHandler-10.136.13.245:20881-thread-2|DEBUG|com.alibaba.dubbo.remoting.transport.DecodeHandler| [DUBBO] Decode decodeable message com.alibaba.dubbo.rpc.protocol.dubbo.DecodeableRpcResult, dubbo version: 2.5.3, current host: 172.16.150.16
20160415-21:29:45.859+0800|default|Test worker|DEBUG|org.springframework.test.context.support.DirtiesContextTestExecutionListener|After test method: context [DefaultTestContext@60cf242c testClass = GkAreaBatchTest, testInstance = cn.thinkjoy.rpc.GkAreaBatchTest@3f4ff65b, testMethod = testGetGkVideoInfo@GkAreaBatchTest, testException = [null], mergedContextConfiguration = [MergedContextConfiguration@1ab6f0d6 testClass = GkAreaBatchTest, locations = '{classpath:zgkwar-dubbo-consumer-test.xml}', classes = '{}', contextInitializerClasses = '[]', activeProfiles = '{}', propertySourceLocations = '{}', propertySourceProperties = '{}', contextLoader = 'org.springframework.test.context.support.DelegatingSmartContextLoader', parent = [null]]], class dirties context [false], class mode [null], method dirties context [false].
20160415-21:29:45.859+0800|default|Test worker|DEBUG|org.springframework.test.annotation.ProfileValueUtils|Retrieved @ProfileValueSourceConfiguration [null] for test class [cn.thinkjoy.rpc.GkAreaBatchTest]
20160415-21:29:45.859+0800|default|Test worker|DEBUG|org.springframework.test.annotation.ProfileValueUtils|Retrieved ProfileValueSource type [class org.springframework.test.annotation.SystemProfileValueSource] for class [cn.thinkjoy.rpc.GkAreaBatchTest]
20160415-21:29:45.860+0800|default|Test worker|DEBUG|org.springframework.test.context.support.DependencyInjectionTestExecutionListener|Performing dependency injection for test context [[DefaultTestContext@60cf242c testClass = GkAreaBatchTest, testInstance = cn.thinkjoy.rpc.GkAreaBatchTest@29d73132, testMethod = [null], testException = [null], mergedContextConfiguration = [MergedContextConfiguration@1ab6f0d6 testClass = GkAreaBatchTest, locations = '{classpath:zgkwar-dubbo-consumer-test.xml}', classes = '{}', contextInitializerClasses = '[]', activeProfiles = '{}', propertySourceLocations = '{}', propertySourceProperties = '{}', contextLoader = 'org.springframework.test.context.support.DelegatingSmartContextLoader', parent = [null]]]].
20160415-21:29:45.860+0800|default|Test worker|DEBUG|org.springframework.test.context.DefaultCacheAwareContextLoaderDelegate|Retrieved ApplicationContext from cache with key [[MergedContextConfiguration@1ab6f0d6 testClass = GkAreaBatchTest, locations = '{classpath:zgkwar-dubbo-consumer-test.xml}', classes = '{}', contextInitializerClasses = '[]', activeProfiles = '{}', propertySourceLocations = '{}', propertySourceProperties = '{}', contextLoader = 'org.springframework.test.context.support.DelegatingSmartContextLoader', parent = [null]]].
20160415-21:29:45.860+0800|default|Test worker|DEBUG|org.springframework.beans.factory.annotation.InjectionMetadata|Processing injected method of bean 'cn.thinkjoy.rpc.GkAreaBatchTest': AutowiredFieldElement for private cn.thinkjoy.zgk.remote.IGkAreaBatchService cn.thinkjoy.rpc.GkAreaBatchTest.gkAreaBatchService
20160415-21:29:45.860+0800|default|Test worker|DEBUG|org.springframework.beans.factory.support.DefaultListableBeanFactory|Returning cached instance of singleton bean 'gkAreaBatchService'
20160415-21:29:45.954+0800|default|DubboClientHandler-10.136.55.29:20880-thread-2|DEBUG|com.alibaba.dubbo.remoting.transport.DecodeHandler| [DUBBO] Decode decodeable message com.alibaba.dubbo.rpc.protocol.dubbo.DecodeableRpcResult, dubbo version: 2.5.3, current host: 172.16.150.16
20160415-21:29:45.955+0800|default|Test worker|DEBUG|org.springframework.test.context.support.DirtiesContextTestExecutionListener|After test method: context [DefaultTestContext@60cf242c testClass = GkAreaBatchTest, testInstance = cn.thinkjoy.rpc.GkAreaBatchTest@29d73132, testMethod = testGetGkVideoList@GkAreaBatchTest, testException = [null], mergedContextConfiguration = [MergedContextConfiguration@1ab6f0d6 testClass = GkAreaBatchTest, locations = '{classpath:zgkwar-dubbo-consumer-test.xml}', classes = '{}', contextInitializerClasses = '[]', activeProfiles = '{}', propertySourceLocations = '{}', propertySourceProperties = '{}', contextLoader = 'org.springframework.test.context.support.DelegatingSmartContextLoader', parent = [null]]], class dirties context [false], class mode [null], method dirties context [false].
20160415-21:29:45.955+0800|default|Test worker|DEBUG|org.springframework.test.context.support.DirtiesContextTestExecutionListener|After test class: context [DefaultTestContext@60cf242c testClass = GkAreaBatchTest, testInstance = [null], testMethod = [null], testException = [null], mergedContextConfiguration = [MergedContextConfiguration@1ab6f0d6 testClass = GkAreaBatchTest, locations = '{classpath:zgkwar-dubbo-consumer-test.xml}', classes = '{}', contextInitializerClasses = '[]', activeProfiles = '{}', propertySourceLocations = '{}', propertySourceProperties = '{}', contextLoader = 'org.springframework.test.context.support.DelegatingSmartContextLoader', parent = [null]]], dirtiesContext [false].
]]></system-out>
  <system-err><![CDATA[]]></system-err>
</testsuite>
