<?xml version="1.0" encoding="UTF-8"?>
<testsuite name="cn.thinkjoy.rpc.GkScheduleTest" tests="2" skipped="0" failures="0" errors="0" timestamp="2016-04-15T13:29:54" hostname="localhost" time="0.313">
  <properties/>
  <testcase name="testGetGkScheduleInfo" classname="cn.thinkjoy.rpc.GkScheduleTest" time="0.1"/>
  <testcase name="testGetGkScheduleList" classname="cn.thinkjoy.rpc.GkScheduleTest" time="0.212"/>
  <system-out><![CDATA[20160415-21:29:53.876+0800|default|Test worker|DEBUG|org.springframework.test.context.junit4.SpringJUnit4ClassRunner|SpringJUnit4ClassRunner constructor called with [class cn.thinkjoy.rpc.GkScheduleTest].
20160415-21:29:53.876+0800|default|Test worker|DEBUG|org.springframework.test.context.BootstrapUtils|Instantiating TestContextBootstrapper from class [org.springframework.test.context.support.DefaultTestContextBootstrapper]
20160415-21:29:53.877+0800|default|Test worker|DEBUG|org.springframework.test.context.support.AbstractDelegatingSmartContextLoader|Delegating to GenericXmlContextLoader to process context configuration [ContextConfigurationAttributes@76abf71 declaringClass = 'cn.thinkjoy.rpc.GkScheduleTest', classes = '{}', locations = '{classpath:zgkwar-dubbo-consumer-test.xml}', inheritLocations = true, initializers = '{}', inheritInitializers = true, name = [null], contextLoaderClass = 'org.springframework.test.context.ContextLoader'].
20160415-21:29:53.877+0800|default|Test worker|DEBUG|org.springframework.test.context.support.ActiveProfilesUtils|Could not find an 'annotation declaring class' for annotation type [org.springframework.test.context.ActiveProfiles] and class [cn.thinkjoy.rpc.GkScheduleTest]
20160415-21:29:53.878+0800|default|Test worker|DEBUG|org.springframework.test.context.support.DefaultTestContextBootstrapper|@TestExecutionListeners is not present for class [cn.thinkjoy.rpc.GkScheduleTest]: using defaults.
20160415-21:29:53.879+0800|default|Test worker|INFO |org.springframework.test.context.support.DefaultTestContextBootstrapper|Loaded default TestExecutionListener class names from location [META-INF/spring.factories]: [org.springframework.test.context.web.ServletTestExecutionListener, org.springframework.test.context.support.DependencyInjectionTestExecutionListener, org.springframework.test.context.support.DirtiesContextTestExecutionListener, org.springframework.test.context.transaction.TransactionalTestExecutionListener, org.springframework.test.context.jdbc.SqlScriptsTestExecutionListener]
20160415-21:29:53.879+0800|default|Test worker|INFO |org.springframework.test.context.support.DefaultTestContextBootstrapper|Using TestExecutionListeners: [org.springframework.test.context.web.ServletTestExecutionListener@5bd088c3, org.springframework.test.context.support.DependencyInjectionTestExecutionListener@57c2e94c, org.springframework.test.context.support.DirtiesContextTestExecutionListener@3d62a997, org.springframework.test.context.transaction.TransactionalTestExecutionListener@186c17fd, org.springframework.test.context.jdbc.SqlScriptsTestExecutionListener@609aef91]
20160415-21:29:53.879+0800|default|Test worker|DEBUG|org.springframework.test.annotation.ProfileValueUtils|Retrieved @ProfileValueSourceConfiguration [null] for test class [cn.thinkjoy.rpc.GkScheduleTest]
20160415-21:29:53.879+0800|default|Test worker|DEBUG|org.springframework.test.annotation.ProfileValueUtils|Retrieved ProfileValueSource type [class org.springframework.test.annotation.SystemProfileValueSource] for class [cn.thinkjoy.rpc.GkScheduleTest]
20160415-21:29:53.880+0800|default|Test worker|DEBUG|org.springframework.test.annotation.ProfileValueUtils|Retrieved @ProfileValueSourceConfiguration [null] for test class [cn.thinkjoy.rpc.GkScheduleTest]
20160415-21:29:53.880+0800|default|Test worker|DEBUG|org.springframework.test.annotation.ProfileValueUtils|Retrieved ProfileValueSource type [class org.springframework.test.annotation.SystemProfileValueSource] for class [cn.thinkjoy.rpc.GkScheduleTest]
20160415-21:29:53.880+0800|default|Test worker|DEBUG|org.springframework.test.annotation.ProfileValueUtils|Retrieved @ProfileValueSourceConfiguration [null] for test class [cn.thinkjoy.rpc.GkScheduleTest]
20160415-21:29:53.880+0800|default|Test worker|DEBUG|org.springframework.test.annotation.ProfileValueUtils|Retrieved ProfileValueSource type [class org.springframework.test.annotation.SystemProfileValueSource] for class [cn.thinkjoy.rpc.GkScheduleTest]
20160415-21:29:53.881+0800|default|Test worker|DEBUG|org.springframework.test.annotation.ProfileValueUtils|Retrieved @ProfileValueSourceConfiguration [null] for test class [cn.thinkjoy.rpc.GkScheduleTest]
20160415-21:29:53.881+0800|default|Test worker|DEBUG|org.springframework.test.annotation.ProfileValueUtils|Retrieved ProfileValueSource type [class org.springframework.test.annotation.SystemProfileValueSource] for class [cn.thinkjoy.rpc.GkScheduleTest]
20160415-21:29:53.881+0800|default|Test worker|DEBUG|org.springframework.test.context.support.DependencyInjectionTestExecutionListener|Performing dependency injection for test context [[DefaultTestContext@5be64a23 testClass = GkScheduleTest, testInstance = cn.thinkjoy.rpc.GkScheduleTest@6c0d6ef7, testMethod = [null], testException = [null], mergedContextConfiguration = [MergedContextConfiguration@65f0518c testClass = GkScheduleTest, locations = '{classpath:zgkwar-dubbo-consumer-test.xml}', classes = '{}', contextInitializerClasses = '[]', activeProfiles = '{}', propertySourceLocations = '{}', propertySourceProperties = '{}', contextLoader = 'org.springframework.test.context.support.DelegatingSmartContextLoader', parent = [null]]]].
20160415-21:29:53.881+0800|default|Test worker|DEBUG|org.springframework.test.context.DefaultCacheAwareContextLoaderDelegate|Retrieved ApplicationContext from cache with key [[MergedContextConfiguration@65f0518c testClass = GkScheduleTest, locations = '{classpath:zgkwar-dubbo-consumer-test.xml}', classes = '{}', contextInitializerClasses = '[]', activeProfiles = '{}', propertySourceLocations = '{}', propertySourceProperties = '{}', contextLoader = 'org.springframework.test.context.support.DelegatingSmartContextLoader', parent = [null]]].
20160415-21:29:53.887+0800|default|Test worker|DEBUG|org.springframework.beans.factory.annotation.InjectionMetadata|Processing injected method of bean 'cn.thinkjoy.rpc.GkScheduleTest': AutowiredFieldElement for private cn.thinkjoy.zgk.remote.IGkScheduleService cn.thinkjoy.rpc.GkScheduleTest.gkScheduleService
20160415-21:29:53.888+0800|default|Test worker|DEBUG|org.springframework.beans.factory.support.DefaultListableBeanFactory|Returning cached instance of singleton bean 'gkScheduleService'
20160415-21:29:53.898+0800|default|Test worker|INFO |com.alibaba.dubbo.registry.zookeeper.ZookeeperRegistry| [DUBBO] Register: consumer://172.16.150.16/cn.thinkjoy.zgk.remote.IGkScheduleService?application=ucenterwebwar-test&category=consumers&check=false&dubbo=2.5.3&interface=cn.thinkjoy.zgk.remote.IGkScheduleService&methods=getScheduleInfo,getScheduleList&pid=2377&revision=0.0.28-SNAPSHOT&side=consumer&timeout=60000&timestamp=1460726993890, dubbo version: 2.5.3, current host: 172.16.150.16
20160415-21:29:53.937+0800|default|Test worker-SendThread(mc.zk.thinkjoy.cn:2181)|DEBUG|org.apache.zookeeper.ClientCnxn|Reading reply sessionid:0x151adcbb3452b14, packet:: clientPath:null serverPath:null finished:false header:: 115,1  replyHeader:: 115,532408,-110  request:: '/dubbo,,v{s{31,s{'world,'anyone}}},0  response::  
20160415-21:29:53.966+0800|default|Test worker-SendThread(mc.zk.thinkjoy.cn:2181)|DEBUG|org.apache.zookeeper.ClientCnxn|Reading reply sessionid:0x151adcbb3452b14, packet:: clientPath:null serverPath:null finished:false header:: 116,1  replyHeader:: 116,532409,-110  request:: '/dubbo/cn.thinkjoy.zgk.remote.IGkScheduleService,,v{s{31,s{'world,'anyone}}},0  response::  
20160415-21:29:54.027+0800|default|Test worker-SendThread(mc.zk.thinkjoy.cn:2181)|DEBUG|org.apache.zookeeper.ClientCnxn|Reading reply sessionid:0x151adcbb3452b14, packet:: clientPath:null serverPath:null finished:false header:: 117,1  replyHeader:: 117,532410,-110  request:: '/dubbo/cn.thinkjoy.zgk.remote.IGkScheduleService/consumers,,v{s{31,s{'world,'anyone}}},0  response::  
20160415-21:29:54.063+0800|default|Test worker-SendThread(mc.zk.thinkjoy.cn:2181)|DEBUG|org.apache.zookeeper.ClientCnxn|Reading reply sessionid:0x151adcbb3452b14, packet:: clientPath:null serverPath:null finished:false header:: 118,1  replyHeader:: 118,532411,0  request:: '/dubbo/cn.thinkjoy.zgk.remote.IGkScheduleService/consumers/consumer%253A%252F%252F172.16.150.16%252Fcn.thinkjoy.zgk.remote.IGkScheduleService%253Fapplication%253Ducenterwebwar-test%2526category%253Dconsumers%2526check%253Dfalse%2526dubbo%253D2.5.3%2526interface%253Dcn.thinkjoy.zgk.remote.IGkScheduleService%2526methods%253DgetScheduleInfo%252CgetScheduleList%2526pid%253D2377%2526revision%253D0.0.28-SNAPSHOT%2526side%253Dconsumer%2526timeout%253D60000%2526timestamp%253D1460726993890,,v{s{31,s{'world,'anyone}}},1  response:: '/dubbo/cn.thinkjoy.zgk.remote.IGkScheduleService/consumers/consumer%253A%252F%252F172.16.150.16%252Fcn.thinkjoy.zgk.remote.IGkScheduleService%253Fapplication%253Ducenterwebwar-test%2526category%253Dconsumers%2526check%253Dfalse%2526dubbo%253D2.5.3%2526interface%253Dcn.thinkjoy.zgk.remote.IGkScheduleService%2526methods%253DgetScheduleInfo%252CgetScheduleList%2526pid%253D2377%2526revision%253D0.0.28-SNAPSHOT%2526side%253Dconsumer%2526timeout%253D60000%2526timestamp%253D1460726993890 
20160415-21:29:54.064+0800|default|Test worker|INFO |com.alibaba.dubbo.registry.zookeeper.ZookeeperRegistry| [DUBBO] Subscribe: consumer://172.16.150.16/cn.thinkjoy.zgk.remote.IGkScheduleService?application=ucenterwebwar-test&category=providers,configurators,routers&check=false&dubbo=2.5.3&interface=cn.thinkjoy.zgk.remote.IGkScheduleService&methods=getScheduleInfo,getScheduleList&pid=2377&revision=0.0.28-SNAPSHOT&side=consumer&timeout=60000&timestamp=1460726993890, dubbo version: 2.5.3, current host: 172.16.150.16
20160415-21:29:54.093+0800|default|Test worker-SendThread(mc.zk.thinkjoy.cn:2181)|DEBUG|org.apache.zookeeper.ClientCnxn|Reading reply sessionid:0x151adcbb3452b14, packet:: clientPath:null serverPath:null finished:false header:: 119,1  replyHeader:: 119,532412,-110  request:: '/dubbo,,v{s{31,s{'world,'anyone}}},0  response::  
20160415-21:29:54.126+0800|default|Test worker-SendThread(mc.zk.thinkjoy.cn:2181)|DEBUG|org.apache.zookeeper.ClientCnxn|Reading reply sessionid:0x151adcbb3452b14, packet:: clientPath:null serverPath:null finished:false header:: 120,1  replyHeader:: 120,532413,-110  request:: '/dubbo/cn.thinkjoy.zgk.remote.IGkScheduleService,,v{s{31,s{'world,'anyone}}},0  response::  
20160415-21:29:54.193+0800|default|Test worker-SendThread(mc.zk.thinkjoy.cn:2181)|DEBUG|org.apache.zookeeper.ClientCnxn|Reading reply sessionid:0x151adcbb3452b14, packet:: clientPath:null serverPath:null finished:false header:: 121,1  replyHeader:: 121,532414,-110  request:: '/dubbo/cn.thinkjoy.zgk.remote.IGkScheduleService/providers,,v{s{31,s{'world,'anyone}}},0  response::  
20160415-21:29:54.247+0800|default|Test worker-SendThread(mc.zk.thinkjoy.cn:2181)|DEBUG|org.apache.zookeeper.ClientCnxn|Reading reply sessionid:0x151adcbb3452b14, packet:: clientPath:null serverPath:null finished:false header:: 122,3  replyHeader:: 122,532414,0  request:: '/dubbo/cn.thinkjoy.zgk.remote.IGkScheduleService/providers,T  response:: s{98248,98248,1451977450186,1451977450186,0,2286,0,0,0,2,524501} 
20160415-21:29:54.289+0800|default|Test worker-SendThread(mc.zk.thinkjoy.cn:2181)|DEBUG|org.apache.zookeeper.ClientCnxn|Reading reply sessionid:0x151adcbb3452b14, packet:: clientPath:null serverPath:null finished:false header:: 123,8  replyHeader:: 123,532414,0  request:: '/dubbo/cn.thinkjoy.zgk.remote.IGkScheduleService/providers,T  response:: v{'dubbo%253A%252F%252F10.136.13.245%253A20881%252Fcn.thinkjoy.zgk.remote.IGkScheduleService%253Fanyhost%253Dtrue%2526application%253Dzgk%2526dubbo%253D2.5.3%2526interface%253Dcn.thinkjoy.zgk.remote.IGkScheduleService%2526methods%253DgetScheduleList%252CgetScheduleInfo%2526pid%253D10348%2526revision%253D0.0.28-SNAPSHOT%2526side%253Dprovider%2526timestamp%253D1460533481735,'dubbo%253A%252F%252F10.136.55.29%253A20880%252Fcn.thinkjoy.zgk.remote.IGkScheduleService%253Fanyhost%253Dtrue%2526application%253Dzgk%2526dubbo%253D2.5.3%2526interface%253Dcn.thinkjoy.zgk.remote.IGkScheduleService%2526methods%253DgetScheduleInfo%252CgetScheduleList%2526pid%253D6202%2526revision%253D0.0.28-SNAPSHOT%2526side%253Dprovider%2526timestamp%253D1458532198137} 
20160415-21:29:54.337+0800|default|Test worker-SendThread(mc.zk.thinkjoy.cn:2181)|DEBUG|org.apache.zookeeper.ClientCnxn|Reading reply sessionid:0x151adcbb3452b14, packet:: clientPath:null serverPath:null finished:false header:: 124,1  replyHeader:: 124,532415,-110  request:: '/dubbo,,v{s{31,s{'world,'anyone}}},0  response::  
20160415-21:29:54.375+0800|default|Test worker-SendThread(mc.zk.thinkjoy.cn:2181)|DEBUG|org.apache.zookeeper.ClientCnxn|Reading reply sessionid:0x151adcbb3452b14, packet:: clientPath:null serverPath:null finished:false header:: 125,1  replyHeader:: 125,532416,-110  request:: '/dubbo/cn.thinkjoy.zgk.remote.IGkScheduleService,,v{s{31,s{'world,'anyone}}},0  response::  
20160415-21:29:54.432+0800|default|Test worker-SendThread(mc.zk.thinkjoy.cn:2181)|DEBUG|org.apache.zookeeper.ClientCnxn|Reading reply sessionid:0x151adcbb3452b14, packet:: clientPath:null serverPath:null finished:false header:: 126,1  replyHeader:: 126,532417,-110  request:: '/dubbo/cn.thinkjoy.zgk.remote.IGkScheduleService/configurators,,v{s{31,s{'world,'anyone}}},0  response::  
20160415-21:29:54.489+0800|default|Test worker-SendThread(mc.zk.thinkjoy.cn:2181)|DEBUG|org.apache.zookeeper.ClientCnxn|Reading reply sessionid:0x151adcbb3452b14, packet:: clientPath:null serverPath:null finished:false header:: 127,3  replyHeader:: 127,532417,0  request:: '/dubbo/cn.thinkjoy.zgk.remote.IGkScheduleService/configurators,T  response:: s{98251,98251,1451977450367,1451977450367,0,0,0,0,0,0,98251} 
20160415-21:29:54.523+0800|default|Test worker-SendThread(mc.zk.thinkjoy.cn:2181)|DEBUG|org.apache.zookeeper.ClientCnxn|Reading reply sessionid:0x151adcbb3452b14, packet:: clientPath:null serverPath:null finished:false header:: 128,8  replyHeader:: 128,532417,0  request:: '/dubbo/cn.thinkjoy.zgk.remote.IGkScheduleService/configurators,T  response:: v{} 
20160415-21:29:54.563+0800|default|Test worker-SendThread(mc.zk.thinkjoy.cn:2181)|DEBUG|org.apache.zookeeper.ClientCnxn|Reading reply sessionid:0x151adcbb3452b14, packet:: clientPath:null serverPath:null finished:false header:: 129,1  replyHeader:: 129,532418,-110  request:: '/dubbo,,v{s{31,s{'world,'anyone}}},0  response::  
20160415-21:29:54.593+0800|default|Test worker-SendThread(mc.zk.thinkjoy.cn:2181)|DEBUG|org.apache.zookeeper.ClientCnxn|Reading reply sessionid:0x151adcbb3452b14, packet:: clientPath:null serverPath:null finished:false header:: 130,1  replyHeader:: 130,532419,-110  request:: '/dubbo/cn.thinkjoy.zgk.remote.IGkScheduleService,,v{s{31,s{'world,'anyone}}},0  response::  
20160415-21:29:54.663+0800|default|Test worker-SendThread(mc.zk.thinkjoy.cn:2181)|DEBUG|org.apache.zookeeper.ClientCnxn|Reading reply sessionid:0x151adcbb3452b14, packet:: clientPath:null serverPath:null finished:false header:: 131,1  replyHeader:: 131,532420,-110  request:: '/dubbo/cn.thinkjoy.zgk.remote.IGkScheduleService/routers,,v{s{31,s{'world,'anyone}}},0  response::  
20160415-21:29:54.722+0800|default|Test worker-SendThread(mc.zk.thinkjoy.cn:2181)|DEBUG|org.apache.zookeeper.ClientCnxn|Reading reply sessionid:0x151adcbb3452b14, packet:: clientPath:null serverPath:null finished:false header:: 132,3  replyHeader:: 132,532420,0  request:: '/dubbo/cn.thinkjoy.zgk.remote.IGkScheduleService/routers,T  response:: s{98254,98254,1451977450602,1451977450602,0,0,0,0,0,0,98254} 
20160415-21:29:54.812+0800|default|Test worker-SendThread(mc.zk.thinkjoy.cn:2181)|DEBUG|org.apache.zookeeper.ClientCnxn|Reading reply sessionid:0x151adcbb3452b14, packet:: clientPath:null serverPath:null finished:false header:: 133,8  replyHeader:: 133,532420,0  request:: '/dubbo/cn.thinkjoy.zgk.remote.IGkScheduleService/routers,T  response:: v{} 
20160415-21:29:54.813+0800|default|Test worker|INFO |com.alibaba.dubbo.registry.zookeeper.ZookeeperRegistry| [DUBBO] Notify urls for subscribe url consumer://172.16.150.16/cn.thinkjoy.zgk.remote.IGkScheduleService?application=ucenterwebwar-test&category=providers,configurators,routers&check=false&dubbo=2.5.3&interface=cn.thinkjoy.zgk.remote.IGkScheduleService&methods=getScheduleInfo,getScheduleList&pid=2377&revision=0.0.28-SNAPSHOT&side=consumer&timeout=60000&timestamp=1460726993890, urls: [dubbo://10.136.13.245:20881/cn.thinkjoy.zgk.remote.IGkScheduleService?anyhost=true&application=zgk&dubbo=2.5.3&interface=cn.thinkjoy.zgk.remote.IGkScheduleService&methods=getScheduleList,getScheduleInfo&pid=10348&revision=0.0.28-SNAPSHOT&side=provider&timestamp=1460533481735, dubbo://10.136.55.29:20880/cn.thinkjoy.zgk.remote.IGkScheduleService?anyhost=true&application=zgk&dubbo=2.5.3&interface=cn.thinkjoy.zgk.remote.IGkScheduleService&methods=getScheduleInfo,getScheduleList&pid=6202&revision=0.0.28-SNAPSHOT&side=provider&timestamp=1458532198137, empty://172.16.150.16/cn.thinkjoy.zgk.remote.IGkScheduleService?application=ucenterwebwar-test&category=configurators&check=false&dubbo=2.5.3&interface=cn.thinkjoy.zgk.remote.IGkScheduleService&methods=getScheduleInfo,getScheduleList&pid=2377&revision=0.0.28-SNAPSHOT&side=consumer&timeout=60000&timestamp=1460726993890, empty://172.16.150.16/cn.thinkjoy.zgk.remote.IGkScheduleService?application=ucenterwebwar-test&category=routers&check=false&dubbo=2.5.3&interface=cn.thinkjoy.zgk.remote.IGkScheduleService&methods=getScheduleInfo,getScheduleList&pid=2377&revision=0.0.28-SNAPSHOT&side=consumer&timeout=60000&timestamp=1460726993890], dubbo version: 2.5.3, current host: 172.16.150.16
20160415-21:29:54.815+0800|default|Test worker|INFO |com.alibaba.dubbo.config.AbstractConfig| [DUBBO] Refer dubbo service cn.thinkjoy.zgk.remote.IGkScheduleService from url zookeeper://mc.zk.thinkjoy.cn:2181/com.alibaba.dubbo.registry.RegistryService?anyhost=true&application=ucenterwebwar-test&check=false&dubbo=2.5.3&interface=cn.thinkjoy.zgk.remote.IGkScheduleService&methods=getScheduleInfo,getScheduleList&pid=2377&revision=0.0.28-SNAPSHOT&side=consumer&timeout=60000&timestamp=1460726993890, dubbo version: 2.5.3, current host: 172.16.150.16
20160415-21:29:54.825+0800|default|Test worker|DEBUG|org.springframework.beans.factory.annotation.AutowiredAnnotationBeanPostProcessor|Autowiring by type from bean name 'cn.thinkjoy.rpc.GkScheduleTest' to bean named 'gkScheduleService'
20160415-21:29:54.924+0800|default|DubboClientHandler-10.136.13.245:20881-thread-2|DEBUG|com.alibaba.dubbo.remoting.transport.DecodeHandler| [DUBBO] Decode decodeable message com.alibaba.dubbo.rpc.protocol.dubbo.DecodeableRpcResult, dubbo version: 2.5.3, current host: 172.16.150.16
20160415-21:29:54.924+0800|default|Test worker|DEBUG|org.springframework.test.context.support.DirtiesContextTestExecutionListener|After test method: context [DefaultTestContext@5be64a23 testClass = GkScheduleTest, testInstance = cn.thinkjoy.rpc.GkScheduleTest@6c0d6ef7, testMethod = testGetGkScheduleInfo@GkScheduleTest, testException = [null], mergedContextConfiguration = [MergedContextConfiguration@65f0518c testClass = GkScheduleTest, locations = '{classpath:zgkwar-dubbo-consumer-test.xml}', classes = '{}', contextInitializerClasses = '[]', activeProfiles = '{}', propertySourceLocations = '{}', propertySourceProperties = '{}', contextLoader = 'org.springframework.test.context.support.DelegatingSmartContextLoader', parent = [null]]], class dirties context [false], class mode [null], method dirties context [false].
20160415-21:29:54.925+0800|default|Test worker|DEBUG|org.springframework.test.annotation.ProfileValueUtils|Retrieved @ProfileValueSourceConfiguration [null] for test class [cn.thinkjoy.rpc.GkScheduleTest]
20160415-21:29:54.925+0800|default|Test worker|DEBUG|org.springframework.test.annotation.ProfileValueUtils|Retrieved ProfileValueSource type [class org.springframework.test.annotation.SystemProfileValueSource] for class [cn.thinkjoy.rpc.GkScheduleTest]
20160415-21:29:54.925+0800|default|Test worker|DEBUG|org.springframework.test.context.support.DependencyInjectionTestExecutionListener|Performing dependency injection for test context [[DefaultTestContext@5be64a23 testClass = GkScheduleTest, testInstance = cn.thinkjoy.rpc.GkScheduleTest@47955387, testMethod = [null], testException = [null], mergedContextConfiguration = [MergedContextConfiguration@65f0518c testClass = GkScheduleTest, locations = '{classpath:zgkwar-dubbo-consumer-test.xml}', classes = '{}', contextInitializerClasses = '[]', activeProfiles = '{}', propertySourceLocations = '{}', propertySourceProperties = '{}', contextLoader = 'org.springframework.test.context.support.DelegatingSmartContextLoader', parent = [null]]]].
20160415-21:29:54.926+0800|default|Test worker|DEBUG|org.springframework.test.context.DefaultCacheAwareContextLoaderDelegate|Retrieved ApplicationContext from cache with key [[MergedContextConfiguration@65f0518c testClass = GkScheduleTest, locations = '{classpath:zgkwar-dubbo-consumer-test.xml}', classes = '{}', contextInitializerClasses = '[]', activeProfiles = '{}', propertySourceLocations = '{}', propertySourceProperties = '{}', contextLoader = 'org.springframework.test.context.support.DelegatingSmartContextLoader', parent = [null]]].
20160415-21:29:54.926+0800|default|Test worker|DEBUG|org.springframework.beans.factory.annotation.InjectionMetadata|Processing injected method of bean 'cn.thinkjoy.rpc.GkScheduleTest': AutowiredFieldElement for private cn.thinkjoy.zgk.remote.IGkScheduleService cn.thinkjoy.rpc.GkScheduleTest.gkScheduleService
20160415-21:29:54.926+0800|default|Test worker|DEBUG|org.springframework.beans.factory.support.DefaultListableBeanFactory|Returning cached instance of singleton bean 'gkScheduleService'
20160415-21:29:55.137+0800|default|DubboClientHandler-10.136.55.29:20880-thread-2|DEBUG|com.alibaba.dubbo.remoting.transport.DecodeHandler| [DUBBO] Decode decodeable message com.alibaba.dubbo.rpc.protocol.dubbo.DecodeableRpcResult, dubbo version: 2.5.3, current host: 172.16.150.16
20160415-21:29:55.138+0800|default|Test worker|DEBUG|org.springframework.test.context.support.DirtiesContextTestExecutionListener|After test method: context [DefaultTestContext@5be64a23 testClass = GkScheduleTest, testInstance = cn.thinkjoy.rpc.GkScheduleTest@47955387, testMethod = testGetGkScheduleList@GkScheduleTest, testException = [null], mergedContextConfiguration = [MergedContextConfiguration@65f0518c testClass = GkScheduleTest, locations = '{classpath:zgkwar-dubbo-consumer-test.xml}', classes = '{}', contextInitializerClasses = '[]', activeProfiles = '{}', propertySourceLocations = '{}', propertySourceProperties = '{}', contextLoader = 'org.springframework.test.context.support.DelegatingSmartContextLoader', parent = [null]]], class dirties context [false], class mode [null], method dirties context [false].
20160415-21:29:55.138+0800|default|Test worker|DEBUG|org.springframework.test.context.support.DirtiesContextTestExecutionListener|After test class: context [DefaultTestContext@5be64a23 testClass = GkScheduleTest, testInstance = [null], testMethod = [null], testException = [null], mergedContextConfiguration = [MergedContextConfiguration@65f0518c testClass = GkScheduleTest, locations = '{classpath:zgkwar-dubbo-consumer-test.xml}', classes = '{}', contextInitializerClasses = '[]', activeProfiles = '{}', propertySourceLocations = '{}', propertySourceProperties = '{}', contextLoader = 'org.springframework.test.context.support.DelegatingSmartContextLoader', parent = [null]]], dirtiesContext [false].
]]></system-out>
  <system-err><![CDATA[]]></system-err>
</testsuite>
